This file contains any messages produced by compilers while
running configure, to aid debugging if configure makes a mistake.

It was created by SetLFSWalpaper configure 0.1.0, which was
generated by GNU Autoconf 2.69.  Invocation command line was

  $ ./configure --prefix=/usr

## --------- ##
## Platform. ##
## --------- ##

hostname = LFSCerebro
uname -m = x86_64
uname -r = 3.19.0
uname -s = Linux
uname -v = #1 SMP PREEMPT Fri Apr 24 15:58:12 BST 2015

/usr/bin/uname -p = unknown
/bin/uname -X     = unknown

/bin/arch              = unknown
/usr/bin/arch -k       = unknown
/usr/convex/getsysinfo = unknown
/usr/bin/hostinfo      = unknown
/bin/machine           = unknown
/usr/bin/oslevel       = unknown
/bin/universe          = unknown

PATH: /home/keithhedger/Scripts
PATH: /usr/bin
PATH: /usr/local/bin
PATH: /usr/local/scripts
PATH: /bin/
PATH: /usr/sbin
PATH: /sbin
PATH: /media/LinuxData/Development/x86-linux64-cross-arm-linux-hardfp/bin
PATH: /media/LinuxData/Development/local/bin
PATH: /media/LinuxData/Development/local/usr/bin
PATH: /home/keithhedger/Scripts
PATH: /usr/bin
PATH: /usr/local/bin
PATH: /usr/local/scripts
PATH: /bin/
PATH: /usr/sbin
PATH: /sbin
PATH: /media/LinuxData/Development/x86-linux64-cross-arm-linux-hardfp/bin
PATH: /media/LinuxData/Development/local/bin
PATH: /media/LinuxData/Development/local/usr/bin
PATH: /home/keithhedger/Scripts
PATH: /usr/bin
PATH: /usr/local/bin
PATH: /usr/local/scripts
PATH: /bin/
PATH: /usr/sbin
PATH: /sbin
PATH: /media/LinuxData/Development/x86-linux64-cross-arm-linux-hardfp/bin
PATH: /media/LinuxData/Development/local/bin
PATH: /media/LinuxData/Development/local/usr/bin
PATH: /bin
PATH: /usr/bin
PATH: /opt/jdk/bin
PATH: /opt/jdk/bin
PATH: /opt/jdk/bin


## ----------- ##
## Core tests. ##
## ----------- ##

configure:2013: checking for g++
configure:2029: found /home/keithhedger/Scripts/g++
configure:2040: result: g++
configure:2067: checking for C++ compiler version
configure:2076: g++ --version >&5
g++ (GCC) 4.9.2
Copyright (C) 2014 Free Software Foundation, Inc.
This is free software; see the source for copying conditions.  There is NO
warranty; not even for MERCHANTABILITY or FITNESS FOR A PARTICULAR PURPOSE.

configure:2087: $? = 0
configure:2076: g++ -v >&5
Using built-in specs.
COLLECT_GCC=/usr/bin/g++
COLLECT_LTO_WRAPPER=/usr/lib/gcc/x86_64-unknown-linux-gnu/4.9.2/lto-wrapper
Target: x86_64-unknown-linux-gnu
Configured with: ../gcc-4.9.2/configure --prefix=/usr --libdir=/usr/lib64 --libexecdir=/usr/lib --enable-shared --enable-threads=posix --enable-__cxa_atexit --enable-clocale=gnu --enable-languages=c,c++,objc,obj-c++ --disable-multilib --disable-bootstrap --with-system-zlib
Thread model: posix
gcc version 4.9.2 (GCC) 
configure:2087: $? = 0
configure:2076: g++ -V >&5
g++: error: unrecognized command line option '-V'
g++: fatal error: no input files
compilation terminated.
configure:2087: $? = 1
configure:2076: g++ -qversion >&5
g++: error: unrecognized command line option '-qversion'
g++: fatal error: no input files
compilation terminated.
configure:2087: $? = 1
configure:2107: checking whether the C++ compiler works
configure:2129: g++    conftest.cpp  >&5
configure:2133: $? = 0
configure:2181: result: yes
configure:2184: checking for C++ compiler default output file name
configure:2186: result: a.out
configure:2192: checking for suffix of executables
configure:2199: g++ -o conftest    conftest.cpp  >&5
configure:2203: $? = 0
configure:2225: result: 
configure:2247: checking whether we are cross compiling
configure:2255: g++ -o conftest    conftest.cpp  >&5
configure:2259: $? = 0
configure:2266: ./conftest
configure:2270: $? = 0
configure:2285: result: no
configure:2290: checking for suffix of object files
configure:2312: g++ -c   conftest.cpp >&5
configure:2316: $? = 0
configure:2337: result: o
configure:2341: checking whether we are using the GNU C++ compiler
configure:2360: g++ -c   conftest.cpp >&5
configure:2360: $? = 0
configure:2369: result: yes
configure:2378: checking whether g++ accepts -g
configure:2398: g++ -c -g  conftest.cpp >&5
configure:2398: $? = 0
configure:2439: result: yes
configure:2508: checking for a BSD-compatible install
configure:2576: result: /usr/bin/install -c
configure:2587: checking whether build environment is sane
configure:2642: result: yes
configure:2793: checking for a thread-safe mkdir -p
configure:2832: result: /bin//mkdir -p
configure:2839: checking for gawk
configure:2855: found /usr/bin/gawk
configure:2866: result: gawk
configure:2877: checking whether make sets $(MAKE)
configure:2899: result: yes
configure:2929: checking for style of include used by make
configure:2957: result: GNU
configure:2991: checking whether make supports nested variables
configure:3008: result: yes
configure:3093: checking dependency style of g++
configure:3204: result: gcc3
configure:3311: checking for gcc
configure:3327: found /home/keithhedger/Scripts/gcc
configure:3338: result: gcc
configure:3567: checking for C compiler version
configure:3576: gcc --version >&5
gcc (GCC) 4.9.2
Copyright (C) 2014 Free Software Foundation, Inc.
This is free software; see the source for copying conditions.  There is NO
warranty; not even for MERCHANTABILITY or FITNESS FOR A PARTICULAR PURPOSE.

configure:3587: $? = 0
configure:3576: gcc -v >&5
Using built-in specs.
COLLECT_GCC=/usr/bin/gcc
COLLECT_LTO_WRAPPER=/usr/lib/gcc/x86_64-unknown-linux-gnu/4.9.2/lto-wrapper
Target: x86_64-unknown-linux-gnu
Configured with: ../gcc-4.9.2/configure --prefix=/usr --libdir=/usr/lib64 --libexecdir=/usr/lib --enable-shared --enable-threads=posix --enable-__cxa_atexit --enable-clocale=gnu --enable-languages=c,c++,objc,obj-c++ --disable-multilib --disable-bootstrap --with-system-zlib
Thread model: posix
gcc version 4.9.2 (GCC) 
configure:3587: $? = 0
configure:3576: gcc -V >&5
gcc: error: unrecognized command line option '-V'
gcc: fatal error: no input files
compilation terminated.
configure:3587: $? = 1
configure:3576: gcc -qversion >&5
gcc: error: unrecognized command line option '-qversion'
gcc: fatal error: no input files
compilation terminated.
configure:3587: $? = 1
configure:3591: checking whether we are using the GNU C compiler
configure:3610: gcc -c   conftest.c >&5
configure:3610: $? = 0
configure:3619: result: yes
configure:3628: checking whether gcc accepts -g
configure:3648: gcc -c -g  conftest.c >&5
configure:3648: $? = 0
configure:3689: result: yes
configure:3706: checking for gcc option to accept ISO C89
configure:3769: gcc  -c -g -O2  conftest.c >&5
configure:3769: $? = 0
configure:3782: result: none needed
configure:3807: checking whether gcc understands -c and -o together
configure:3829: gcc -c conftest.c -o conftest2.o
configure:3832: $? = 0
configure:3829: gcc -c conftest.c -o conftest2.o
configure:3832: $? = 0
configure:3844: result: yes
configure:3863: checking dependency style of gcc
configure:3974: result: gcc3
configure:3995: checking how to run the C preprocessor
configure:4026: gcc -E  conftest.c
configure:4026: $? = 0
configure:4040: gcc -E  conftest.c
conftest.c:11:28: fatal error: ac_nonexistent.h: No such file or directory
 #include <ac_nonexistent.h>
                            ^
compilation terminated.
configure:4040: $? = 1
configure: failed program was:
| /* confdefs.h */
| #define PACKAGE_NAME "SetLFSWalpaper"
| #define PACKAGE_TARNAME "LFSSetWallpaper"
| #define PACKAGE_VERSION "0.1.0"
| #define PACKAGE_STRING "SetLFSWalpaper 0.1.0"
| #define PACKAGE_BUGREPORT "LFSSetWallpaper"
| #define PACKAGE_URL ""
| #define PACKAGE "LFSSetWallpaper"
| #define VERSION "0.1.0"
| /* end confdefs.h.  */
| #include <ac_nonexistent.h>
configure:4065: result: gcc -E
configure:4085: gcc -E  conftest.c
configure:4085: $? = 0
configure:4099: gcc -E  conftest.c
conftest.c:11:28: fatal error: ac_nonexistent.h: No such file or directory
 #include <ac_nonexistent.h>
                            ^
compilation terminated.
configure:4099: $? = 1
configure: failed program was:
| /* confdefs.h */
| #define PACKAGE_NAME "SetLFSWalpaper"
| #define PACKAGE_TARNAME "LFSSetWallpaper"
| #define PACKAGE_VERSION "0.1.0"
| #define PACKAGE_STRING "SetLFSWalpaper 0.1.0"
| #define PACKAGE_BUGREPORT "LFSSetWallpaper"
| #define PACKAGE_URL ""
| #define PACKAGE "LFSSetWallpaper"
| #define VERSION "0.1.0"
| /* end confdefs.h.  */
| #include <ac_nonexistent.h>
configure:4128: checking for grep that handles long lines and -e
configure:4186: result: /bin//grep
configure:4191: checking for egrep
configure:4253: result: /bin//grep -E
configure:4258: checking for ANSI C header files
configure:4278: gcc -c -g -O2  conftest.c >&5
configure:4278: $? = 0
configure:4351: gcc -o conftest -g -O2   conftest.c  >&5
configure:4351: $? = 0
configure:4351: ./conftest
configure:4351: $? = 0
configure:4362: result: yes
configure:4433: checking for pkg-config
configure:4451: found /usr/bin/pkg-config
configure:4463: result: /usr/bin/pkg-config
configure:4488: checking pkg-config is at least version 0.9.0
configure:4491: result: yes
configure:4501: checking for X11
configure:4508: $PKG_CONFIG --exists --print-errors "$X11_MODULES"
configure:4511: $? = 0
configure:4525: $PKG_CONFIG --exists --print-errors "$X11_MODULES"
configure:4528: $? = 0
configure:4586: result: yes
configure:4596: checking for XINERAMA
configure:4603: $PKG_CONFIG --exists --print-errors "$XINERAMA_MODULES"
configure:4606: $? = 0
configure:4620: $PKG_CONFIG --exists --print-errors "$XINERAMA_MODULES"
configure:4623: $? = 0
configure:4681: result: yes
configure:4691: checking for IMLIB
configure:4698: $PKG_CONFIG --exists --print-errors "$IMLIB_MODULES"
configure:4701: $? = 0
configure:4715: $PKG_CONFIG --exists --print-errors "$IMLIB_MODULES"
configure:4718: $? = 0
configure:4776: result: yes
configure:4894: checking that generated files are newer than configure
configure:4900: result: done
configure:4927: creating ./config.status

## ---------------------- ##
## Running config.status. ##
## ---------------------- ##

This file was extended by SetLFSWalpaper config.status 0.1.0, which was
generated by GNU Autoconf 2.69.  Invocation command line was

  CONFIG_FILES    = 
  CONFIG_HEADERS  = 
  CONFIG_LINKS    = 
  CONFIG_COMMANDS = 
  $ ./config.status 

on LFSCerebro

config.status:859: creating Makefile
config.status:859: creating LFSSetWallpaper/app/Makefile
config.status:859: creating config.h
config.status:1088: executing depfiles commands

## ---------------- ##
## Cache variables. ##
## ---------------- ##

ac_cv_c_compiler_gnu=yes
ac_cv_cxx_compiler_gnu=yes
ac_cv_env_CCC_set=
ac_cv_env_CCC_value=
ac_cv_env_CC_set=
ac_cv_env_CC_value=
ac_cv_env_CFLAGS_set=
ac_cv_env_CFLAGS_value=
ac_cv_env_CPPFLAGS_set=
ac_cv_env_CPPFLAGS_value=
ac_cv_env_CPP_set=
ac_cv_env_CPP_value=
ac_cv_env_CXXFLAGS_set=
ac_cv_env_CXXFLAGS_value=
ac_cv_env_CXX_set=
ac_cv_env_CXX_value=
ac_cv_env_IMLIB_CFLAGS_set=
ac_cv_env_IMLIB_CFLAGS_value=
ac_cv_env_IMLIB_LIBS_set=
ac_cv_env_IMLIB_LIBS_value=
ac_cv_env_LDFLAGS_set=
ac_cv_env_LDFLAGS_value=
ac_cv_env_LIBS_set=
ac_cv_env_LIBS_value=
ac_cv_env_PKG_CONFIG_LIBDIR_set=
ac_cv_env_PKG_CONFIG_LIBDIR_value=
ac_cv_env_PKG_CONFIG_PATH_set=
ac_cv_env_PKG_CONFIG_PATH_value=
ac_cv_env_PKG_CONFIG_set=
ac_cv_env_PKG_CONFIG_value=
ac_cv_env_X11_CFLAGS_set=
ac_cv_env_X11_CFLAGS_value=
ac_cv_env_X11_LIBS_set=
ac_cv_env_X11_LIBS_value=
ac_cv_env_XINERAMA_CFLAGS_set=
ac_cv_env_XINERAMA_CFLAGS_value=
ac_cv_env_XINERAMA_LIBS_set=
ac_cv_env_XINERAMA_LIBS_value=
ac_cv_env_build_alias_set=
ac_cv_env_build_alias_value=
ac_cv_env_host_alias_set=
ac_cv_env_host_alias_value=
ac_cv_env_target_alias_set=
ac_cv_env_target_alias_value=
ac_cv_header_stdc=yes
ac_cv_objext=o
ac_cv_path_EGREP='/bin//grep -E'
ac_cv_path_GREP=/bin//grep
ac_cv_path_ac_pt_PKG_CONFIG=/usr/bin/pkg-config
ac_cv_path_install='/usr/bin/install -c'
ac_cv_path_mkdir=/bin//mkdir
ac_cv_prog_AWK=gawk
ac_cv_prog_CPP='gcc -E'
ac_cv_prog_ac_ct_CC=gcc
ac_cv_prog_ac_ct_CXX=g++
ac_cv_prog_cc_c89=
ac_cv_prog_cc_g=yes
ac_cv_prog_cxx_g=yes
ac_cv_prog_make_make_set=yes
am_cv_CC_dependencies_compiler_type=gcc3
am_cv_CXX_dependencies_compiler_type=gcc3
am_cv_make_support_nested_variables=yes
am_cv_prog_cc_c_o=yes
pkg_cv_IMLIB_CFLAGS=
pkg_cv_IMLIB_LIBS='-L/usr/lib64 -lImlib2 '
pkg_cv_X11_CFLAGS=
pkg_cv_X11_LIBS='-lX11 '
pkg_cv_XINERAMA_CFLAGS=
pkg_cv_XINERAMA_LIBS='-lXinerama '

## ----------------- ##
## Output variables. ##
## ----------------- ##

ACLOCAL='${SHELL} /media/LinuxData/Development64/GithubProjects/LFSDesktopProject/LFSSetWallpaper/missing aclocal-1.15'
AMDEPBACKSLASH='\'
AMDEP_FALSE='#'
AMDEP_TRUE=''
AMTAR='$${TAR-tar}'
AM_BACKSLASH='\'
AM_DEFAULT_V='$(AM_DEFAULT_VERBOSITY)'
AM_DEFAULT_VERBOSITY='1'
AM_V='$(V)'
AUTOCONF='${SHELL} /media/LinuxData/Development64/GithubProjects/LFSDesktopProject/LFSSetWallpaper/missing autoconf'
AUTOHEADER='${SHELL} /media/LinuxData/Development64/GithubProjects/LFSDesktopProject/LFSSetWallpaper/missing autoheader'
AUTOMAKE='${SHELL} /media/LinuxData/Development64/GithubProjects/LFSDesktopProject/LFSSetWallpaper/missing automake-1.15'
AWK='gawk'
CC='gcc'
CCDEPMODE='depmode=gcc3'
CFLAGS='-Wall'
CPP='gcc -E'
CPPFLAGS=''
CXX='g++'
CXXDEPMODE='depmode=gcc3'
CXXFLAGS='-g -O2'
CYGPATH_W='echo'
DEFS='-DHAVE_CONFIG_H'
DEPDIR='.deps'
ECHO_C=''
ECHO_N='-n'
ECHO_T=''
EGREP='/bin//grep -E'
EXEEXT=''
GREP='/bin//grep'
IMLIB_CFLAGS=''
IMLIB_LIBS='-L/usr/lib64 -lImlib2 '
INSTALL_DATA='${INSTALL} -m 644'
INSTALL_PROGRAM='${INSTALL}'
INSTALL_SCRIPT='${INSTALL}'
INSTALL_STRIP_PROGRAM='$(install_sh) -c -s'
LDFLAGS=''
LIBOBJS=''
LIBS=''
LTLIBOBJS=''
MAKEINFO='${SHELL} /media/LinuxData/Development64/GithubProjects/LFSDesktopProject/LFSSetWallpaper/missing makeinfo'
MKDIR_P='/bin//mkdir -p'
OBJEXT='o'
PACKAGE='LFSSetWallpaper'
PACKAGE_BUGREPORT='LFSSetWallpaper'
PACKAGE_NAME='SetLFSWalpaper'
PACKAGE_STRING='SetLFSWalpaper 0.1.0'
PACKAGE_TARNAME='LFSSetWallpaper'
PACKAGE_URL=''
PACKAGE_VERSION='0.1.0'
PATH_SEPARATOR=':'
PKG_CONFIG='/usr/bin/pkg-config'
PKG_CONFIG_LIBDIR=''
PKG_CONFIG_PATH=''
SET_MAKE=''
SHELL='/bin/sh'
STRIP=''
VERSION='0.1.0'
X11_CFLAGS=''
X11_LIBS='-lX11 '
XINERAMA_CFLAGS=''
XINERAMA_LIBS='-lXinerama '
ac_ct_CC='gcc'
ac_ct_CXX='g++'
am__EXEEXT_FALSE=''
am__EXEEXT_TRUE='#'
am__fastdepCC_FALSE='#'
am__fastdepCC_TRUE=''
am__fastdepCXX_FALSE='#'
am__fastdepCXX_TRUE=''
am__include='include'
am__isrc=''
am__leading_dot='.'
am__nodep='_no'
am__quote=''
am__tar='$${TAR-tar} chof - "$$tardir"'
am__untar='$${TAR-tar} xf -'
bindir='${exec_prefix}/bin'
build_alias=''
datadir='${datarootdir}'
datarootdir='${prefix}/share'
docdir='${datarootdir}/doc/${PACKAGE_TARNAME}'
dvidir='${docdir}'
exec_prefix='${prefix}'
host_alias=''
htmldir='${docdir}'
includedir='${prefix}/include'
infodir='${datarootdir}/info'
install_sh='${SHELL} /media/LinuxData/Development64/GithubProjects/LFSDesktopProject/LFSSetWallpaper/install-sh'
libdir='${exec_prefix}/lib'
libexecdir='${exec_prefix}/libexec'
localedir='${datarootdir}/locale'
localstatedir='${prefix}/var'
mandir='${datarootdir}/man'
mkdir_p='$(MKDIR_P)'
oldincludedir='/usr/include'
pdfdir='${docdir}'
prefix='/usr'
program_transform_name='s,x,x,'
psdir='${docdir}'
sbindir='${exec_prefix}/sbin'
sharedstatedir='${prefix}/com'
sysconfdir='${prefix}/etc'
target_alias=''

## ----------- ##
## confdefs.h. ##
## ----------- ##

/* confdefs.h */
#define PACKAGE_NAME "SetLFSWalpaper"
#define PACKAGE_TARNAME "LFSSetWallpaper"
#define PACKAGE_VERSION "0.1.0"
#define PACKAGE_STRING "SetLFSWalpaper 0.1.0"
#define PACKAGE_BUGREPORT "LFSSetWallpaper"
#define PACKAGE_URL ""
#define PACKAGE "LFSSetWallpaper"
#define VERSION "0.1.0"
#define STDC_HEADERS 1

configure: exit 0
