This file contains any messages produced by compilers while
running configure, to aid debugging if configure makes a mistake.

It was created by LFSWManager configure 0.1.0, which was
generated by GNU Autoconf 2.69.  Invocation command line was

  $ ./configure --prefix=/usr

## --------- ##
## Platform. ##
## --------- ##

hostname = LFSCerebro
uname -m = x86_64
uname -r = 3.19.0
uname -s = Linux
uname -v = #1 SMP PREEMPT Fri Apr 24 15:58:12 BST 2015

/usr/bin/uname -p = unknown
/bin/uname -X     = unknown

/bin/arch              = unknown
/usr/bin/arch -k       = unknown
/usr/convex/getsysinfo = unknown
/usr/bin/hostinfo      = unknown
/bin/machine           = unknown
/usr/bin/oslevel       = unknown
/bin/universe          = unknown

PATH: /home/keithhedger/Scripts
PATH: /usr/bin
PATH: /usr/local/bin
PATH: /usr/local/scripts
PATH: /bin/
PATH: /usr/sbin
PATH: /sbin
PATH: /media/LinuxData/Development/x86-linux64-cross-arm-linux-hardfp/bin
PATH: /media/LinuxData/Development/local/bin
PATH: /media/LinuxData/Development/local/usr/bin
PATH: /home/keithhedger/Scripts
PATH: /usr/bin
PATH: /usr/local/bin
PATH: /usr/local/scripts
PATH: /bin/
PATH: /usr/sbin
PATH: /sbin
PATH: /media/LinuxData/Development/x86-linux64-cross-arm-linux-hardfp/bin
PATH: /media/LinuxData/Development/local/bin
PATH: /media/LinuxData/Development/local/usr/bin
PATH: /home/keithhedger/Scripts
PATH: /usr/bin
PATH: /usr/local/bin
PATH: /usr/local/scripts
PATH: /bin/
PATH: /usr/sbin
PATH: /sbin
PATH: /media/LinuxData/Development/x86-linux64-cross-arm-linux-hardfp/bin
PATH: /media/LinuxData/Development/local/bin
PATH: /media/LinuxData/Development/local/usr/bin
PATH: /bin
PATH: /usr/bin
PATH: /opt/jdk/bin
PATH: /opt/jdk/bin
PATH: /opt/jdk/bin


## ----------- ##
## Core tests. ##
## ----------- ##

configure:2069: checking for g++
configure:2085: found /home/keithhedger/Scripts/g++
configure:2096: result: g++
configure:2123: checking for C++ compiler version
configure:2132: g++ --version >&5
g++ (GCC) 4.9.2
Copyright (C) 2014 Free Software Foundation, Inc.
This is free software; see the source for copying conditions.  There is NO
warranty; not even for MERCHANTABILITY or FITNESS FOR A PARTICULAR PURPOSE.

configure:2143: $? = 0
configure:2132: g++ -v >&5
Using built-in specs.
COLLECT_GCC=/usr/bin/g++
COLLECT_LTO_WRAPPER=/usr/lib/gcc/x86_64-unknown-linux-gnu/4.9.2/lto-wrapper
Target: x86_64-unknown-linux-gnu
Configured with: ../gcc-4.9.2/configure --prefix=/usr --libdir=/usr/lib64 --libexecdir=/usr/lib --enable-shared --enable-threads=posix --enable-__cxa_atexit --enable-clocale=gnu --enable-languages=c,c++,objc,obj-c++ --disable-multilib --disable-bootstrap --with-system-zlib
Thread model: posix
gcc version 4.9.2 (GCC) 
configure:2143: $? = 0
configure:2132: g++ -V >&5
g++: error: unrecognized command line option '-V'
g++: fatal error: no input files
compilation terminated.
configure:2143: $? = 1
configure:2132: g++ -qversion >&5
g++: error: unrecognized command line option '-qversion'
g++: fatal error: no input files
compilation terminated.
configure:2143: $? = 1
configure:2163: checking whether the C++ compiler works
configure:2185: g++    conftest.cpp  >&5
configure:2189: $? = 0
configure:2237: result: yes
configure:2240: checking for C++ compiler default output file name
configure:2242: result: a.out
configure:2248: checking for suffix of executables
configure:2255: g++ -o conftest    conftest.cpp  >&5
configure:2259: $? = 0
configure:2281: result: 
configure:2303: checking whether we are cross compiling
configure:2311: g++ -o conftest    conftest.cpp  >&5
configure:2315: $? = 0
configure:2322: ./conftest
configure:2326: $? = 0
configure:2341: result: no
configure:2346: checking for suffix of object files
configure:2368: g++ -c   conftest.cpp >&5
configure:2372: $? = 0
configure:2393: result: o
configure:2397: checking whether we are using the GNU C++ compiler
configure:2416: g++ -c   conftest.cpp >&5
configure:2416: $? = 0
configure:2425: result: yes
configure:2434: checking whether g++ accepts -g
configure:2454: g++ -c -g  conftest.cpp >&5
configure:2454: $? = 0
configure:2495: result: yes
configure:2564: checking for a BSD-compatible install
configure:2632: result: /usr/bin/install -c
configure:2643: checking whether build environment is sane
configure:2698: result: yes
configure:2849: checking for a thread-safe mkdir -p
configure:2888: result: /bin//mkdir -p
configure:2895: checking for gawk
configure:2911: found /usr/bin/gawk
configure:2922: result: gawk
configure:2933: checking whether make sets $(MAKE)
configure:2955: result: yes
configure:2985: checking for style of include used by make
configure:3013: result: GNU
configure:3047: checking whether make supports nested variables
configure:3064: result: yes
configure:3149: checking dependency style of g++
configure:3260: result: gcc3
configure:3367: checking for gcc
configure:3383: found /home/keithhedger/Scripts/gcc
configure:3394: result: gcc
configure:3623: checking for C compiler version
configure:3632: gcc --version >&5
gcc (GCC) 4.9.2
Copyright (C) 2014 Free Software Foundation, Inc.
This is free software; see the source for copying conditions.  There is NO
warranty; not even for MERCHANTABILITY or FITNESS FOR A PARTICULAR PURPOSE.

configure:3643: $? = 0
configure:3632: gcc -v >&5
Using built-in specs.
COLLECT_GCC=/usr/bin/gcc
COLLECT_LTO_WRAPPER=/usr/lib/gcc/x86_64-unknown-linux-gnu/4.9.2/lto-wrapper
Target: x86_64-unknown-linux-gnu
Configured with: ../gcc-4.9.2/configure --prefix=/usr --libdir=/usr/lib64 --libexecdir=/usr/lib --enable-shared --enable-threads=posix --enable-__cxa_atexit --enable-clocale=gnu --enable-languages=c,c++,objc,obj-c++ --disable-multilib --disable-bootstrap --with-system-zlib
Thread model: posix
gcc version 4.9.2 (GCC) 
configure:3643: $? = 0
configure:3632: gcc -V >&5
gcc: error: unrecognized command line option '-V'
gcc: fatal error: no input files
compilation terminated.
configure:3643: $? = 1
configure:3632: gcc -qversion >&5
gcc: error: unrecognized command line option '-qversion'
gcc: fatal error: no input files
compilation terminated.
configure:3643: $? = 1
configure:3647: checking whether we are using the GNU C compiler
configure:3666: gcc -c   conftest.c >&5
configure:3666: $? = 0
configure:3675: result: yes
configure:3684: checking whether gcc accepts -g
configure:3704: gcc -c -g  conftest.c >&5
configure:3704: $? = 0
configure:3745: result: yes
configure:3762: checking for gcc option to accept ISO C89
configure:3825: gcc  -c -g -O2  conftest.c >&5
configure:3825: $? = 0
configure:3838: result: none needed
configure:3863: checking whether gcc understands -c and -o together
configure:3885: gcc -c conftest.c -o conftest2.o
configure:3888: $? = 0
configure:3885: gcc -c conftest.c -o conftest2.o
configure:3888: $? = 0
configure:3900: result: yes
configure:3919: checking dependency style of gcc
configure:4030: result: gcc3
configure:4051: checking how to run the C preprocessor
configure:4082: gcc -E  conftest.c
configure:4082: $? = 0
configure:4096: gcc -E  conftest.c
conftest.c:11:28: fatal error: ac_nonexistent.h: No such file or directory
 #include <ac_nonexistent.h>
                            ^
compilation terminated.
configure:4096: $? = 1
configure: failed program was:
| /* confdefs.h */
| #define PACKAGE_NAME "LFSWManager"
| #define PACKAGE_TARNAME "LFSWManager"
| #define PACKAGE_VERSION "0.1.0"
| #define PACKAGE_STRING "LFSWManager 0.1.0"
| #define PACKAGE_BUGREPORT "PROJ"
| #define PACKAGE_URL ""
| #define PACKAGE "LFSWManager"
| #define VERSION "0.1.0"
| /* end confdefs.h.  */
| #include <ac_nonexistent.h>
configure:4121: result: gcc -E
configure:4141: gcc -E  conftest.c
configure:4141: $? = 0
configure:4155: gcc -E  conftest.c
conftest.c:11:28: fatal error: ac_nonexistent.h: No such file or directory
 #include <ac_nonexistent.h>
                            ^
compilation terminated.
configure:4155: $? = 1
configure: failed program was:
| /* confdefs.h */
| #define PACKAGE_NAME "LFSWManager"
| #define PACKAGE_TARNAME "LFSWManager"
| #define PACKAGE_VERSION "0.1.0"
| #define PACKAGE_STRING "LFSWManager 0.1.0"
| #define PACKAGE_BUGREPORT "PROJ"
| #define PACKAGE_URL ""
| #define PACKAGE "LFSWManager"
| #define VERSION "0.1.0"
| /* end confdefs.h.  */
| #include <ac_nonexistent.h>
configure:4184: checking for grep that handles long lines and -e
configure:4242: result: /bin//grep
configure:4247: checking for egrep
configure:4309: result: /bin//grep -E
configure:4314: checking for ANSI C header files
configure:4334: gcc -c -g -O2  conftest.c >&5
configure:4334: $? = 0
configure:4407: gcc -o conftest -g -O2   conftest.c  >&5
configure:4407: $? = 0
configure:4407: ./conftest
configure:4407: $? = 0
configure:4418: result: yes
configure:4493: checking for pkg-config
configure:4511: found /usr/bin/pkg-config
configure:4523: result: /usr/bin/pkg-config
configure:4548: checking pkg-config is at least version 0.9.0
configure:4551: result: yes
configure:4561: checking for XEXT
configure:4568: $PKG_CONFIG --exists --print-errors "$XEXT_MODULES"
configure:4571: $? = 0
configure:4585: $PKG_CONFIG --exists --print-errors "$XEXT_MODULES"
configure:4588: $? = 0
configure:4646: result: yes
configure:4656: checking for X11
configure:4663: $PKG_CONFIG --exists --print-errors "$X11_MODULES"
configure:4666: $? = 0
configure:4680: $PKG_CONFIG --exists --print-errors "$X11_MODULES"
configure:4683: $? = 0
configure:4741: result: yes
configure:4751: checking for XCOMPOSITE
configure:4758: $PKG_CONFIG --exists --print-errors "$XCOMPOSITE_MODULES"
configure:4761: $? = 0
configure:4775: $PKG_CONFIG --exists --print-errors "$XCOMPOSITE_MODULES"
configure:4778: $? = 0
configure:4836: result: yes
configure:4846: checking for XDAMAGE
configure:4853: $PKG_CONFIG --exists --print-errors "$XDAMAGE_MODULES"
configure:4856: $? = 0
configure:4870: $PKG_CONFIG --exists --print-errors "$XDAMAGE_MODULES"
configure:4873: $? = 0
configure:4931: result: yes
configure:4941: checking for XRENDER
configure:4948: $PKG_CONFIG --exists --print-errors "$XRENDER_MODULES"
configure:4951: $? = 0
configure:4965: $PKG_CONFIG --exists --print-errors "$XRENDER_MODULES"
configure:4968: $? = 0
configure:5026: result: yes
configure:5036: checking for XFIXES
configure:5043: $PKG_CONFIG --exists --print-errors "$XFIXES_MODULES"
configure:5046: $? = 0
configure:5060: $PKG_CONFIG --exists --print-errors "$XFIXES_MODULES"
configure:5063: $? = 0
configure:5121: result: yes
configure:5131: checking for XFT
configure:5138: $PKG_CONFIG --exists --print-errors "$XFT_MODULES"
configure:5141: $? = 0
configure:5155: $PKG_CONFIG --exists --print-errors "$XFT_MODULES"
configure:5158: $? = 0
configure:5216: result: yes
configure:5226: checking for XINERAMA
configure:5233: $PKG_CONFIG --exists --print-errors "$XINERAMA_MODULES"
configure:5236: $? = 0
configure:5250: $PKG_CONFIG --exists --print-errors "$XINERAMA_MODULES"
configure:5253: $? = 0
configure:5311: result: yes
configure:5321: checking for CAIRO
configure:5328: $PKG_CONFIG --exists --print-errors "$CAIRO_MODULES"
configure:5331: $? = 0
configure:5345: $PKG_CONFIG --exists --print-errors "$CAIRO_MODULES"
configure:5348: $? = 0
configure:5406: result: yes
configure:5416: checking for IMLIB
configure:5423: $PKG_CONFIG --exists --print-errors "$IMLIB_MODULES"
configure:5426: $? = 0
configure:5440: $PKG_CONFIG --exists --print-errors "$IMLIB_MODULES"
configure:5443: $? = 0
configure:5501: result: yes
configure:5517: result: Setting debug level to 0
configure:5631: checking that generated files are newer than configure
configure:5637: result: done
configure:5664: creating ./config.status

## ---------------------- ##
## Running config.status. ##
## ---------------------- ##

This file was extended by LFSWManager config.status 0.1.0, which was
generated by GNU Autoconf 2.69.  Invocation command line was

  CONFIG_FILES    = 
  CONFIG_HEADERS  = 
  CONFIG_LINKS    = 
  CONFIG_COMMANDS = 
  $ ./config.status 

on LFSCerebro

config.status:876: creating Makefile
config.status:876: creating LFSWManager/app/Makefile
config.status:876: creating LFSWManager/helper/Makefile
config.status:876: creating config.h
config.status:1105: executing depfiles commands

## ---------------- ##
## Cache variables. ##
## ---------------- ##

ac_cv_c_compiler_gnu=yes
ac_cv_cxx_compiler_gnu=yes
ac_cv_env_CAIRO_CFLAGS_set=
ac_cv_env_CAIRO_CFLAGS_value=
ac_cv_env_CAIRO_LIBS_set=
ac_cv_env_CAIRO_LIBS_value=
ac_cv_env_CCC_set=
ac_cv_env_CCC_value=
ac_cv_env_CC_set=
ac_cv_env_CC_value=
ac_cv_env_CFLAGS_set=
ac_cv_env_CFLAGS_value=
ac_cv_env_CPPFLAGS_set=
ac_cv_env_CPPFLAGS_value=
ac_cv_env_CPP_set=
ac_cv_env_CPP_value=
ac_cv_env_CXXFLAGS_set=
ac_cv_env_CXXFLAGS_value=
ac_cv_env_CXX_set=
ac_cv_env_CXX_value=
ac_cv_env_IMLIB_CFLAGS_set=
ac_cv_env_IMLIB_CFLAGS_value=
ac_cv_env_IMLIB_LIBS_set=
ac_cv_env_IMLIB_LIBS_value=
ac_cv_env_LDFLAGS_set=
ac_cv_env_LDFLAGS_value=
ac_cv_env_LIBS_set=
ac_cv_env_LIBS_value=
ac_cv_env_PKG_CONFIG_LIBDIR_set=
ac_cv_env_PKG_CONFIG_LIBDIR_value=
ac_cv_env_PKG_CONFIG_PATH_set=
ac_cv_env_PKG_CONFIG_PATH_value=
ac_cv_env_PKG_CONFIG_set=
ac_cv_env_PKG_CONFIG_value=
ac_cv_env_X11_CFLAGS_set=
ac_cv_env_X11_CFLAGS_value=
ac_cv_env_X11_LIBS_set=
ac_cv_env_X11_LIBS_value=
ac_cv_env_XCOMPOSITE_CFLAGS_set=
ac_cv_env_XCOMPOSITE_CFLAGS_value=
ac_cv_env_XCOMPOSITE_LIBS_set=
ac_cv_env_XCOMPOSITE_LIBS_value=
ac_cv_env_XDAMAGE_CFLAGS_set=
ac_cv_env_XDAMAGE_CFLAGS_value=
ac_cv_env_XDAMAGE_LIBS_set=
ac_cv_env_XDAMAGE_LIBS_value=
ac_cv_env_XEXT_CFLAGS_set=
ac_cv_env_XEXT_CFLAGS_value=
ac_cv_env_XEXT_LIBS_set=
ac_cv_env_XEXT_LIBS_value=
ac_cv_env_XFIXES_CFLAGS_set=
ac_cv_env_XFIXES_CFLAGS_value=
ac_cv_env_XFIXES_LIBS_set=
ac_cv_env_XFIXES_LIBS_value=
ac_cv_env_XFT_CFLAGS_set=
ac_cv_env_XFT_CFLAGS_value=
ac_cv_env_XFT_LIBS_set=
ac_cv_env_XFT_LIBS_value=
ac_cv_env_XINERAMA_CFLAGS_set=
ac_cv_env_XINERAMA_CFLAGS_value=
ac_cv_env_XINERAMA_LIBS_set=
ac_cv_env_XINERAMA_LIBS_value=
ac_cv_env_XRENDER_CFLAGS_set=
ac_cv_env_XRENDER_CFLAGS_value=
ac_cv_env_XRENDER_LIBS_set=
ac_cv_env_XRENDER_LIBS_value=
ac_cv_env_build_alias_set=
ac_cv_env_build_alias_value=
ac_cv_env_host_alias_set=
ac_cv_env_host_alias_value=
ac_cv_env_target_alias_set=
ac_cv_env_target_alias_value=
ac_cv_header_stdc=yes
ac_cv_objext=o
ac_cv_path_EGREP='/bin//grep -E'
ac_cv_path_GREP=/bin//grep
ac_cv_path_ac_pt_PKG_CONFIG=/usr/bin/pkg-config
ac_cv_path_install='/usr/bin/install -c'
ac_cv_path_mkdir=/bin//mkdir
ac_cv_prog_AWK=gawk
ac_cv_prog_CPP='gcc -E'
ac_cv_prog_ac_ct_CC=gcc
ac_cv_prog_ac_ct_CXX=g++
ac_cv_prog_cc_c89=
ac_cv_prog_cc_g=yes
ac_cv_prog_cxx_g=yes
ac_cv_prog_make_make_set=yes
am_cv_CC_dependencies_compiler_type=gcc3
am_cv_CXX_dependencies_compiler_type=gcc3
am_cv_make_support_nested_variables=yes
am_cv_prog_cc_c_o=yes
pkg_cv_CAIRO_CFLAGS='-I/usr/include/cairo -I/usr/include/glib-2.0 -I/usr/lib64/glib-2.0/include -I/usr/include/pixman-1 -I/usr/include/freetype2 -I/usr/include/libpng16 -I/usr/include/freetype2 -I/usr/include/libdrm -I/usr/include/libpng16 '
pkg_cv_CAIRO_LIBS='-L/usr/lib64 -lcairo '
pkg_cv_IMLIB_CFLAGS=
pkg_cv_IMLIB_LIBS='-L/usr/lib64 -lImlib2 '
pkg_cv_X11_CFLAGS=
pkg_cv_X11_LIBS='-lX11 '
pkg_cv_XCOMPOSITE_CFLAGS=
pkg_cv_XCOMPOSITE_LIBS='-lXcomposite '
pkg_cv_XDAMAGE_CFLAGS=
pkg_cv_XDAMAGE_LIBS='-lXdamage -lXfixes '
pkg_cv_XEXT_CFLAGS=
pkg_cv_XEXT_LIBS='-lXext '
pkg_cv_XFIXES_CFLAGS=
pkg_cv_XFIXES_LIBS='-lXfixes '
pkg_cv_XFT_CFLAGS='-I/usr/include/freetype2 -I/usr/include/libpng16 -I/usr/include/freetype2 -I/usr/include/libpng16 '
pkg_cv_XFT_LIBS='-lXft '
pkg_cv_XINERAMA_CFLAGS=
pkg_cv_XINERAMA_LIBS='-lXinerama '
pkg_cv_XRENDER_CFLAGS=
pkg_cv_XRENDER_LIBS='-lXrender -lX11 '

## ----------------- ##
## Output variables. ##
## ----------------- ##

ACLOCAL='${SHELL} /media/LinuxData/Development64/GithubProjects/LFSDesktopProject/LFSWManager/missing aclocal-1.15'
AMDEPBACKSLASH='\'
AMDEP_FALSE='#'
AMDEP_TRUE=''
AMTAR='$${TAR-tar}'
AM_BACKSLASH='\'
AM_DEFAULT_V='$(AM_DEFAULT_VERBOSITY)'
AM_DEFAULT_VERBOSITY='1'
AM_V='$(V)'
AUTOCONF='${SHELL} /media/LinuxData/Development64/GithubProjects/LFSDesktopProject/LFSWManager/missing autoconf'
AUTOHEADER='${SHELL} /media/LinuxData/Development64/GithubProjects/LFSDesktopProject/LFSWManager/missing autoheader'
AUTOMAKE='${SHELL} /media/LinuxData/Development64/GithubProjects/LFSDesktopProject/LFSWManager/missing automake-1.15'
AWK='gawk'
CAIRO_CFLAGS='-I/usr/include/cairo -I/usr/include/glib-2.0 -I/usr/lib64/glib-2.0/include -I/usr/include/pixman-1 -I/usr/include/freetype2 -I/usr/include/libpng16 -I/usr/include/freetype2 -I/usr/include/libdrm -I/usr/include/libpng16 '
CAIRO_LIBS='-L/usr/lib64 -lcairo '
CC='gcc'
CCDEPMODE='depmode=gcc3'
CFLAGS='-Wall'
CPP='gcc -E'
CPPFLAGS=''
CXX='g++'
CXXDEPMODE='depmode=gcc3'
CXXFLAGS='-Wall'
CYGPATH_W='echo'
DEFS='-DHAVE_CONFIG_H'
DEPDIR='.deps'
ECHO_C=''
ECHO_N='-n'
ECHO_T=''
EGREP='/bin//grep -E'
EXEEXT=''
GREP='/bin//grep'
IMLIB_CFLAGS=''
IMLIB_LIBS='-L/usr/lib64 -lImlib2 '
INSTALL_DATA='${INSTALL} -m 644'
INSTALL_PROGRAM='${INSTALL}'
INSTALL_SCRIPT='${INSTALL}'
INSTALL_STRIP_PROGRAM='$(install_sh) -c -s'
LDFLAGS=''
LIBOBJS=''
LIBS=''
LTLIBOBJS=''
MAKEINFO='${SHELL} /media/LinuxData/Development64/GithubProjects/LFSDesktopProject/LFSWManager/missing makeinfo'
MKDIR_P='/bin//mkdir -p'
OBJEXT='o'
PACKAGE='LFSWManager'
PACKAGE_BUGREPORT='PROJ'
PACKAGE_NAME='LFSWManager'
PACKAGE_STRING='LFSWManager 0.1.0'
PACKAGE_TARNAME='LFSWManager'
PACKAGE_URL=''
PACKAGE_VERSION='0.1.0'
PATH_SEPARATOR=':'
PKG_CONFIG='/usr/bin/pkg-config'
PKG_CONFIG_LIBDIR=''
PKG_CONFIG_PATH=''
SET_MAKE=''
SHELL='/bin/sh'
STRIP=''
VERSION='0.1.0'
X11_CFLAGS=''
X11_LIBS='-lX11 '
XCOMPOSITE_CFLAGS=''
XCOMPOSITE_LIBS='-lXcomposite '
XDAMAGE_CFLAGS=''
XDAMAGE_LIBS='-lXdamage -lXfixes '
XEXT_CFLAGS=''
XEXT_LIBS='-lXext '
XFIXES_CFLAGS=''
XFIXES_LIBS='-lXfixes '
XFT_CFLAGS='-I/usr/include/freetype2 -I/usr/include/libpng16 -I/usr/include/freetype2 -I/usr/include/libpng16 '
XFT_LIBS='-lXft '
XINERAMA_CFLAGS=''
XINERAMA_LIBS='-lXinerama '
XRENDER_CFLAGS=''
XRENDER_LIBS='-lXrender -lX11 '
ac_ct_CC='gcc'
ac_ct_CXX='g++'
am__EXEEXT_FALSE=''
am__EXEEXT_TRUE='#'
am__fastdepCC_FALSE='#'
am__fastdepCC_TRUE=''
am__fastdepCXX_FALSE='#'
am__fastdepCXX_TRUE=''
am__include='include'
am__isrc=''
am__leading_dot='.'
am__nodep='_no'
am__quote=''
am__tar='$${TAR-tar} chof - "$$tardir"'
am__untar='$${TAR-tar} xf -'
bindir='${exec_prefix}/bin'
build_alias=''
datadir='${datarootdir}'
datarootdir='${prefix}/share'
docdir='${datarootdir}/doc/${PACKAGE_TARNAME}'
dvidir='${docdir}'
exec_prefix='${prefix}'
host_alias=''
htmldir='${docdir}'
includedir='${prefix}/include'
infodir='${datarootdir}/info'
install_sh='${SHELL} /media/LinuxData/Development64/GithubProjects/LFSDesktopProject/LFSWManager/install-sh'
libdir='${exec_prefix}/lib'
libexecdir='${exec_prefix}/libexec'
localedir='${datarootdir}/locale'
localstatedir='${prefix}/var'
mandir='${datarootdir}/man'
mkdir_p='$(MKDIR_P)'
oldincludedir='/usr/include'
pdfdir='${docdir}'
prefix='/usr'
program_transform_name='s,x,x,'
psdir='${docdir}'
sbindir='${exec_prefix}/sbin'
sharedstatedir='${prefix}/com'
sysconfdir='${prefix}/etc'
target_alias=''
with_debug_level='0'

## ----------- ##
## confdefs.h. ##
## ----------- ##

/* confdefs.h */
#define PACKAGE_NAME "LFSWManager"
#define PACKAGE_TARNAME "LFSWManager"
#define PACKAGE_VERSION "0.1.0"
#define PACKAGE_STRING "LFSWManager 0.1.0"
#define PACKAGE_BUGREPORT "PROJ"
#define PACKAGE_URL ""
#define PACKAGE "LFSWManager"
#define VERSION "0.1.0"
#define STDC_HEADERS 1

configure: exit 0
