This file contains any messages produced by compilers while
running configure, to aid debugging if configure makes a mistake.

It was created by LFSToolKit configure 0.1.0, which was
generated by GNU Autoconf 2.69.  Invocation command line was

  $ ./configure --prefix=/usr

## --------- ##
## Platform. ##
## --------- ##

hostname = LFSCerebro
uname -m = x86_64
uname -r = 3.19.0
uname -s = Linux
uname -v = #1 SMP PREEMPT Fri Apr 24 15:58:12 BST 2015

/usr/bin/uname -p = unknown
/bin/uname -X     = unknown

/bin/arch              = unknown
/usr/bin/arch -k       = unknown
/usr/convex/getsysinfo = unknown
/usr/bin/hostinfo      = unknown
/bin/machine           = unknown
/usr/bin/oslevel       = unknown
/bin/universe          = unknown

PATH: /home/keithhedger/Scripts
PATH: /usr/bin
PATH: /usr/local/bin
PATH: /usr/local/scripts
PATH: /bin/
PATH: /usr/sbin
PATH: /sbin
PATH: /media/LinuxData/Development/x86-linux64-cross-arm-linux-hardfp/bin
PATH: /media/LinuxData/Development/local/bin
PATH: /media/LinuxData/Development/local/usr/bin
PATH: /home/keithhedger/Scripts
PATH: /usr/bin
PATH: /usr/local/bin
PATH: /usr/local/scripts
PATH: /bin/
PATH: /usr/sbin
PATH: /sbin
PATH: /media/LinuxData/Development/x86-linux64-cross-arm-linux-hardfp/bin
PATH: /media/LinuxData/Development/local/bin
PATH: /media/LinuxData/Development/local/usr/bin
PATH: /home/keithhedger/Scripts
PATH: /usr/bin
PATH: /usr/local/bin
PATH: /usr/local/scripts
PATH: /bin/
PATH: /usr/sbin
PATH: /sbin
PATH: /media/LinuxData/Development/x86-linux64-cross-arm-linux-hardfp/bin
PATH: /media/LinuxData/Development/local/bin
PATH: /media/LinuxData/Development/local/usr/bin
PATH: /bin
PATH: /usr/bin
PATH: /opt/jdk/bin
PATH: /opt/jdk/bin
PATH: /opt/jdk/bin


## ----------- ##
## Core tests. ##
## ----------- ##

configure:2365: checking for g++
configure:2381: found /home/keithhedger/Scripts/g++
configure:2392: result: g++
configure:2419: checking for C++ compiler version
configure:2428: g++ --version >&5
g++ (GCC) 4.9.2
Copyright (C) 2014 Free Software Foundation, Inc.
This is free software; see the source for copying conditions.  There is NO
warranty; not even for MERCHANTABILITY or FITNESS FOR A PARTICULAR PURPOSE.

configure:2439: $? = 0
configure:2428: g++ -v >&5
Using built-in specs.
COLLECT_GCC=/usr/bin/g++
COLLECT_LTO_WRAPPER=/usr/lib/gcc/x86_64-unknown-linux-gnu/4.9.2/lto-wrapper
Target: x86_64-unknown-linux-gnu
Configured with: ../gcc-4.9.2/configure --prefix=/usr --libdir=/usr/lib64 --libexecdir=/usr/lib --enable-shared --enable-threads=posix --enable-__cxa_atexit --enable-clocale=gnu --enable-languages=c,c++,objc,obj-c++ --disable-multilib --disable-bootstrap --with-system-zlib
Thread model: posix
gcc version 4.9.2 (GCC) 
configure:2439: $? = 0
configure:2428: g++ -V >&5
g++: error: unrecognized command line option '-V'
g++: fatal error: no input files
compilation terminated.
configure:2439: $? = 1
configure:2428: g++ -qversion >&5
g++: error: unrecognized command line option '-qversion'
g++: fatal error: no input files
compilation terminated.
configure:2439: $? = 1
configure:2459: checking whether the C++ compiler works
configure:2481: g++    conftest.cpp  >&5
configure:2485: $? = 0
configure:2533: result: yes
configure:2536: checking for C++ compiler default output file name
configure:2538: result: a.out
configure:2544: checking for suffix of executables
configure:2551: g++ -o conftest    conftest.cpp  >&5
configure:2555: $? = 0
configure:2577: result: 
configure:2599: checking whether we are cross compiling
configure:2607: g++ -o conftest    conftest.cpp  >&5
configure:2611: $? = 0
configure:2618: ./conftest
configure:2622: $? = 0
configure:2637: result: no
configure:2642: checking for suffix of object files
configure:2664: g++ -c   conftest.cpp >&5
configure:2668: $? = 0
configure:2689: result: o
configure:2693: checking whether we are using the GNU C++ compiler
configure:2712: g++ -c   conftest.cpp >&5
configure:2712: $? = 0
configure:2721: result: yes
configure:2730: checking whether g++ accepts -g
configure:2750: g++ -c -g  conftest.cpp >&5
configure:2750: $? = 0
configure:2791: result: yes
configure:2860: checking for a BSD-compatible install
configure:2928: result: /usr/bin/install -c
configure:2939: checking whether build environment is sane
configure:2994: result: yes
configure:3145: checking for a thread-safe mkdir -p
configure:3184: result: /bin//mkdir -p
configure:3191: checking for gawk
configure:3207: found /usr/bin/gawk
configure:3218: result: gawk
configure:3229: checking whether make sets $(MAKE)
configure:3251: result: yes
configure:3281: checking for style of include used by make
configure:3309: result: GNU
configure:3343: checking whether make supports nested variables
configure:3360: result: yes
configure:3445: checking dependency style of g++
configure:3556: result: gcc3
configure:3663: checking for gcc
configure:3679: found /home/keithhedger/Scripts/gcc
configure:3690: result: gcc
configure:3919: checking for C compiler version
configure:3928: gcc --version >&5
gcc (GCC) 4.9.2
Copyright (C) 2014 Free Software Foundation, Inc.
This is free software; see the source for copying conditions.  There is NO
warranty; not even for MERCHANTABILITY or FITNESS FOR A PARTICULAR PURPOSE.

configure:3939: $? = 0
configure:3928: gcc -v >&5
Using built-in specs.
COLLECT_GCC=/usr/bin/gcc
COLLECT_LTO_WRAPPER=/usr/lib/gcc/x86_64-unknown-linux-gnu/4.9.2/lto-wrapper
Target: x86_64-unknown-linux-gnu
Configured with: ../gcc-4.9.2/configure --prefix=/usr --libdir=/usr/lib64 --libexecdir=/usr/lib --enable-shared --enable-threads=posix --enable-__cxa_atexit --enable-clocale=gnu --enable-languages=c,c++,objc,obj-c++ --disable-multilib --disable-bootstrap --with-system-zlib
Thread model: posix
gcc version 4.9.2 (GCC) 
configure:3939: $? = 0
configure:3928: gcc -V >&5
gcc: error: unrecognized command line option '-V'
gcc: fatal error: no input files
compilation terminated.
configure:3939: $? = 1
configure:3928: gcc -qversion >&5
gcc: error: unrecognized command line option '-qversion'
gcc: fatal error: no input files
compilation terminated.
configure:3939: $? = 1
configure:3943: checking whether we are using the GNU C compiler
configure:3962: gcc -c   conftest.c >&5
configure:3962: $? = 0
configure:3971: result: yes
configure:3980: checking whether gcc accepts -g
configure:4000: gcc -c -g  conftest.c >&5
configure:4000: $? = 0
configure:4041: result: yes
configure:4058: checking for gcc option to accept ISO C89
configure:4121: gcc  -c -g -O2  conftest.c >&5
configure:4121: $? = 0
configure:4134: result: none needed
configure:4159: checking whether gcc understands -c and -o together
configure:4181: gcc -c conftest.c -o conftest2.o
configure:4184: $? = 0
configure:4181: gcc -c conftest.c -o conftest2.o
configure:4184: $? = 0
configure:4196: result: yes
configure:4215: checking dependency style of gcc
configure:4326: result: gcc3
configure:4347: checking how to run the C preprocessor
configure:4378: gcc -E  conftest.c
configure:4378: $? = 0
configure:4392: gcc -E  conftest.c
conftest.c:11:28: fatal error: ac_nonexistent.h: No such file or directory
 #include <ac_nonexistent.h>
                            ^
compilation terminated.
configure:4392: $? = 1
configure: failed program was:
| /* confdefs.h */
| #define PACKAGE_NAME "LFSToolKit"
| #define PACKAGE_TARNAME "LFSToolKit"
| #define PACKAGE_VERSION "0.1.0"
| #define PACKAGE_STRING "LFSToolKit 0.1.0"
| #define PACKAGE_BUGREPORT "PROJ"
| #define PACKAGE_URL ""
| #define PACKAGE "LFSToolKit"
| #define VERSION "0.1.0"
| /* end confdefs.h.  */
| #include <ac_nonexistent.h>
configure:4417: result: gcc -E
configure:4437: gcc -E  conftest.c
configure:4437: $? = 0
configure:4451: gcc -E  conftest.c
conftest.c:11:28: fatal error: ac_nonexistent.h: No such file or directory
 #include <ac_nonexistent.h>
                            ^
compilation terminated.
configure:4451: $? = 1
configure: failed program was:
| /* confdefs.h */
| #define PACKAGE_NAME "LFSToolKit"
| #define PACKAGE_TARNAME "LFSToolKit"
| #define PACKAGE_VERSION "0.1.0"
| #define PACKAGE_STRING "LFSToolKit 0.1.0"
| #define PACKAGE_BUGREPORT "PROJ"
| #define PACKAGE_URL ""
| #define PACKAGE "LFSToolKit"
| #define VERSION "0.1.0"
| /* end confdefs.h.  */
| #include <ac_nonexistent.h>
configure:4480: checking for grep that handles long lines and -e
configure:4538: result: /bin//grep
configure:4543: checking for egrep
configure:4605: result: /bin//grep -E
configure:4610: checking for ANSI C header files
configure:4630: gcc -c -g -O2  conftest.c >&5
configure:4630: $? = 0
configure:4703: gcc -o conftest -g -O2   conftest.c  >&5
configure:4703: $? = 0
configure:4703: ./conftest
configure:4703: $? = 0
configure:4714: result: yes
configure:4751: checking build system type
configure:4765: result: x86_64-unknown-linux-gnu
configure:4785: checking host system type
configure:4798: result: x86_64-unknown-linux-gnu
configure:4839: checking how to print strings
configure:4866: result: printf
configure:4887: checking for a sed that does not truncate output
configure:4951: result: /bin//sed
configure:4969: checking for fgrep
configure:5031: result: /bin//grep -F
configure:5066: checking for ld used by gcc
configure:5133: result: /usr/bin/ld
configure:5140: checking if the linker (/usr/bin/ld) is GNU ld
configure:5155: result: yes
configure:5167: checking for BSD- or MS-compatible name lister (nm)
configure:5221: result: /usr/bin/nm -B
configure:5351: checking the name lister (/usr/bin/nm -B) interface
configure:5358: gcc -c -g -O2  conftest.c >&5
configure:5361: /usr/bin/nm -B "conftest.o"
configure:5364: output
0000000000000000 B some_variable
configure:5371: result: BSD nm
configure:5374: checking whether ln -s works
configure:5378: result: yes
configure:5386: checking the maximum length of command line arguments
configure:5517: result: 1572864
configure:5565: checking how to convert x86_64-unknown-linux-gnu file names to x86_64-unknown-linux-gnu format
configure:5605: result: func_convert_file_noop
configure:5612: checking how to convert x86_64-unknown-linux-gnu file names to toolchain format
configure:5632: result: func_convert_file_noop
configure:5639: checking for /usr/bin/ld option to reload object files
configure:5646: result: -r
configure:5720: checking for objdump
configure:5736: found /usr/bin/objdump
configure:5747: result: objdump
configure:5779: checking how to recognize dependent libraries
configure:5979: result: pass_all
configure:6064: checking for dlltool
configure:6094: result: no
configure:6124: checking how to associate runtime and link libraries
configure:6151: result: printf %s\n
configure:6211: checking for ar
configure:6227: found /usr/bin/ar
configure:6238: result: ar
configure:6275: checking for archiver @FILE support
configure:6292: gcc -c -g -O2  conftest.c >&5
configure:6292: $? = 0
configure:6295: ar cru libconftest.a @conftest.lst >&5
configure:6298: $? = 0
configure:6303: ar cru libconftest.a @conftest.lst >&5
ar: conftest.o: No such file or directory
configure:6306: $? = 1
configure:6318: result: @
configure:6376: checking for strip
configure:6392: found /usr/bin/strip
configure:6403: result: strip
configure:6475: checking for ranlib
configure:6491: found /usr/bin/ranlib
configure:6502: result: ranlib
configure:6604: checking command to parse /usr/bin/nm -B output from gcc object
configure:6757: gcc -c -g -O2  conftest.c >&5
configure:6760: $? = 0
configure:6764: /usr/bin/nm -B conftest.o \| sed -n -e 's/^.*[ ]\([ABCDGIRSTW][ABCDGIRSTW]*\)[ ][ ]*\([_A-Za-z][_A-Za-z0-9]*\)$/\1 \2 \2/p' | sed '/ __gnu_lto/d' \> conftest.nm
configure:6767: $? = 0
configure:6833: gcc -o conftest -g -O2   conftest.c conftstm.o >&5
configure:6836: $? = 0
configure:6874: result: ok
configure:6921: checking for sysroot
configure:6951: result: no
configure:6958: checking for a working dd
configure:6996: result: /bin//dd
configure:7000: checking how to truncate binary pipes
configure:7015: result: /bin//dd bs=4096 count=1
configure:7151: gcc -c -g -O2  conftest.c >&5
configure:7154: $? = 0
configure:7344: checking for mt
configure:7360: found /bin//mt
configure:7371: result: mt
configure:7394: checking if mt is a manifest tool
configure:7400: mt '-?'
configure:7408: result: no
configure:8085: checking for sys/types.h
configure:8085: gcc -c -g -O2  conftest.c >&5
configure:8085: $? = 0
configure:8085: result: yes
configure:8085: checking for sys/stat.h
configure:8085: gcc -c -g -O2  conftest.c >&5
configure:8085: $? = 0
configure:8085: result: yes
configure:8085: checking for stdlib.h
configure:8085: gcc -c -g -O2  conftest.c >&5
configure:8085: $? = 0
configure:8085: result: yes
configure:8085: checking for string.h
configure:8085: gcc -c -g -O2  conftest.c >&5
configure:8085: $? = 0
configure:8085: result: yes
configure:8085: checking for memory.h
configure:8085: gcc -c -g -O2  conftest.c >&5
configure:8085: $? = 0
configure:8085: result: yes
configure:8085: checking for strings.h
configure:8085: gcc -c -g -O2  conftest.c >&5
configure:8085: $? = 0
configure:8085: result: yes
configure:8085: checking for inttypes.h
configure:8085: gcc -c -g -O2  conftest.c >&5
configure:8085: $? = 0
configure:8085: result: yes
configure:8085: checking for stdint.h
configure:8085: gcc -c -g -O2  conftest.c >&5
configure:8085: $? = 0
configure:8085: result: yes
configure:8085: checking for unistd.h
configure:8085: gcc -c -g -O2  conftest.c >&5
configure:8085: $? = 0
configure:8085: result: yes
configure:8099: checking for dlfcn.h
configure:8099: gcc -c -g -O2  conftest.c >&5
configure:8099: $? = 0
configure:8099: result: yes
configure:8365: checking for objdir
configure:8380: result: .libs
configure:8640: checking if gcc supports -fno-rtti -fno-exceptions
configure:8658: gcc -c -g -O2  -fno-rtti -fno-exceptions conftest.c >&5
cc1: warning: command line option '-fno-rtti' is valid for C++/ObjC++ but not for C
configure:8662: $? = 0
configure:8675: result: no
configure:9033: checking for gcc option to produce PIC
configure:9040: result: -fPIC -DPIC
configure:9048: checking if gcc PIC flag -fPIC -DPIC works
configure:9066: gcc -c -g -O2  -fPIC -DPIC -DPIC conftest.c >&5
configure:9070: $? = 0
configure:9083: result: yes
configure:9112: checking if gcc static flag -static works
configure:9140: result: yes
configure:9155: checking if gcc supports -c -o file.o
configure:9176: gcc -c -g -O2  -o out/conftest2.o conftest.c >&5
configure:9180: $? = 0
configure:9202: result: yes
configure:9210: checking if gcc supports -c -o file.o
configure:9257: result: yes
configure:9290: checking whether the gcc linker (/usr/bin/ld -m elf_x86_64) supports shared libraries
configure:10549: result: yes
configure:10586: checking whether -lc should be explicitly linked in
configure:10594: gcc -c -g -O2  conftest.c >&5
configure:10597: $? = 0
configure:10612: gcc -shared  -fPIC -DPIC conftest.o  -v -Wl,-soname -Wl,conftest -o conftest 2\>\&1 \| /bin//grep  -lc  \>/dev/null 2\>\&1
configure:10615: $? = 0
configure:10629: result: no
configure:10789: checking dynamic linker characteristics
configure:11370: gcc -o conftest -g -O2   -Wl,-rpath -Wl,/foo conftest.c  >&5
configure:11370: $? = 0
configure:11607: result: GNU/Linux ld.so
configure:11729: checking how to hardcode library paths into programs
configure:11754: result: immediate
configure:12302: checking whether stripping libraries is possible
configure:12307: result: yes
configure:12342: checking if libtool supports shared libraries
configure:12344: result: yes
configure:12347: checking whether to build shared libraries
configure:12372: result: yes
configure:12375: checking whether to build static libraries
configure:12379: result: no
configure:12402: checking how to run the C++ preprocessor
configure:12429: g++ -E  conftest.cpp
configure:12429: $? = 0
configure:12443: g++ -E  conftest.cpp
conftest.cpp:23:28: fatal error: ac_nonexistent.h: No such file or directory
 #include <ac_nonexistent.h>
                            ^
compilation terminated.
configure:12443: $? = 1
configure: failed program was:
| /* confdefs.h */
| #define PACKAGE_NAME "LFSToolKit"
| #define PACKAGE_TARNAME "LFSToolKit"
| #define PACKAGE_VERSION "0.1.0"
| #define PACKAGE_STRING "LFSToolKit 0.1.0"
| #define PACKAGE_BUGREPORT "PROJ"
| #define PACKAGE_URL ""
| #define PACKAGE "LFSToolKit"
| #define VERSION "0.1.0"
| #define STDC_HEADERS 1
| #define HAVE_SYS_TYPES_H 1
| #define HAVE_SYS_STAT_H 1
| #define HAVE_STDLIB_H 1
| #define HAVE_STRING_H 1
| #define HAVE_MEMORY_H 1
| #define HAVE_STRINGS_H 1
| #define HAVE_INTTYPES_H 1
| #define HAVE_STDINT_H 1
| #define HAVE_UNISTD_H 1
| #define HAVE_DLFCN_H 1
| #define LT_OBJDIR ".libs/"
| /* end confdefs.h.  */
| #include <ac_nonexistent.h>
configure:12468: result: g++ -E
configure:12488: g++ -E  conftest.cpp
configure:12488: $? = 0
configure:12502: g++ -E  conftest.cpp
conftest.cpp:23:28: fatal error: ac_nonexistent.h: No such file or directory
 #include <ac_nonexistent.h>
                            ^
compilation terminated.
configure:12502: $? = 1
configure: failed program was:
| /* confdefs.h */
| #define PACKAGE_NAME "LFSToolKit"
| #define PACKAGE_TARNAME "LFSToolKit"
| #define PACKAGE_VERSION "0.1.0"
| #define PACKAGE_STRING "LFSToolKit 0.1.0"
| #define PACKAGE_BUGREPORT "PROJ"
| #define PACKAGE_URL ""
| #define PACKAGE "LFSToolKit"
| #define VERSION "0.1.0"
| #define STDC_HEADERS 1
| #define HAVE_SYS_TYPES_H 1
| #define HAVE_SYS_STAT_H 1
| #define HAVE_STDLIB_H 1
| #define HAVE_STRING_H 1
| #define HAVE_MEMORY_H 1
| #define HAVE_STRINGS_H 1
| #define HAVE_INTTYPES_H 1
| #define HAVE_STDINT_H 1
| #define HAVE_UNISTD_H 1
| #define HAVE_DLFCN_H 1
| #define LT_OBJDIR ".libs/"
| /* end confdefs.h.  */
| #include <ac_nonexistent.h>
configure:12664: checking for ld used by g++
configure:12731: result: /usr/bin/ld -m elf_x86_64
configure:12738: checking if the linker (/usr/bin/ld -m elf_x86_64) is GNU ld
configure:12753: result: yes
configure:12808: checking whether the g++ linker (/usr/bin/ld -m elf_x86_64) supports shared libraries
configure:13881: result: yes
configure:13917: g++ -c -g -O2  conftest.cpp >&5
configure:13920: $? = 0
configure:14401: checking for g++ option to produce PIC
configure:14408: result: -fPIC -DPIC
configure:14416: checking if g++ PIC flag -fPIC -DPIC works
configure:14434: g++ -c -g -O2  -fPIC -DPIC -DPIC conftest.cpp >&5
configure:14438: $? = 0
configure:14451: result: yes
configure:14474: checking if g++ static flag -static works
configure:14502: result: yes
configure:14514: checking if g++ supports -c -o file.o
configure:14535: g++ -c -g -O2  -o out/conftest2.o conftest.cpp >&5
configure:14539: $? = 0
configure:14561: result: yes
configure:14566: checking if g++ supports -c -o file.o
configure:14613: result: yes
configure:14643: checking whether the g++ linker (/usr/bin/ld -m elf_x86_64) supports shared libraries
configure:14683: result: yes
configure:14824: checking dynamic linker characteristics
configure:15569: result: GNU/Linux ld.so
configure:15634: checking how to hardcode library paths into programs
configure:15659: result: immediate
configure:15784: checking for pkg-config
configure:15802: found /usr/bin/pkg-config
configure:15814: result: /usr/bin/pkg-config
configure:15839: checking pkg-config is at least version 0.9.0
configure:15842: result: yes
configure:15852: checking for X11
configure:15859: $PKG_CONFIG --exists --print-errors "$X11_MODULES"
configure:15862: $? = 0
configure:15876: $PKG_CONFIG --exists --print-errors "$X11_MODULES"
configure:15879: $? = 0
configure:15937: result: yes
configure:15947: checking for XFT
configure:15954: $PKG_CONFIG --exists --print-errors "$XFT_MODULES"
configure:15957: $? = 0
configure:15971: $PKG_CONFIG --exists --print-errors "$XFT_MODULES"
configure:15974: $? = 0
configure:16032: result: yes
configure:16042: checking for XINERAMA
configure:16049: $PKG_CONFIG --exists --print-errors "$XINERAMA_MODULES"
configure:16052: $? = 0
configure:16066: $PKG_CONFIG --exists --print-errors "$XINERAMA_MODULES"
configure:16069: $? = 0
configure:16127: result: yes
configure:16138: checking for doxygen
configure:16154: found /usr/bin/doxygen
configure:16165: result: doxygen
configure:16195: checking for IMLIB
configure:16202: $PKG_CONFIG --exists --print-errors "$IMLIB_MODULES"
configure:16205: $? = 0
configure:16219: $PKG_CONFIG --exists --print-errors "$IMLIB_MODULES"
configure:16222: $? = 0
configure:16280: result: yes
configure:16290: checking for CAIRO
configure:16297: $PKG_CONFIG --exists --print-errors "$CAIRO_MODULES"
configure:16300: $? = 0
configure:16314: $PKG_CONFIG --exists --print-errors "$CAIRO_MODULES"
configure:16317: $? = 0
configure:16375: result: yes
configure:16493: checking that generated files are newer than configure
configure:16499: result: done
configure:16530: creating ./config.status

## ---------------------- ##
## Running config.status. ##
## ---------------------- ##

This file was extended by LFSToolKit config.status 0.1.0, which was
generated by GNU Autoconf 2.69.  Invocation command line was

  CONFIG_FILES    = 
  CONFIG_HEADERS  = 
  CONFIG_LINKS    = 
  CONFIG_COMMANDS = 
  $ ./config.status 

on LFSCerebro

config.status:1167: creating docs/Doxyfile
config.status:1167: creating Makefile
config.status:1167: creating LFSToolKit/app/Makefile
config.status:1167: creating docs/Makefile
config.status:1167: creating config.h
config.status:1348: config.h is unchanged
config.status:1396: executing depfiles commands
config.status:1396: executing libtool commands

## ---------------- ##
## Cache variables. ##
## ---------------- ##

ac_cv_build=x86_64-unknown-linux-gnu
ac_cv_c_compiler_gnu=yes
ac_cv_cxx_compiler_gnu=yes
ac_cv_env_CAIRO_CFLAGS_set=
ac_cv_env_CAIRO_CFLAGS_value=
ac_cv_env_CAIRO_LIBS_set=
ac_cv_env_CAIRO_LIBS_value=
ac_cv_env_CCC_set=
ac_cv_env_CCC_value=
ac_cv_env_CC_set=
ac_cv_env_CC_value=
ac_cv_env_CFLAGS_set=
ac_cv_env_CFLAGS_value=
ac_cv_env_CPPFLAGS_set=
ac_cv_env_CPPFLAGS_value=
ac_cv_env_CPP_set=
ac_cv_env_CPP_value=
ac_cv_env_CXXCPP_set=
ac_cv_env_CXXCPP_value=
ac_cv_env_CXXFLAGS_set=
ac_cv_env_CXXFLAGS_value=
ac_cv_env_CXX_set=
ac_cv_env_CXX_value=
ac_cv_env_IMLIB_CFLAGS_set=
ac_cv_env_IMLIB_CFLAGS_value=
ac_cv_env_IMLIB_LIBS_set=
ac_cv_env_IMLIB_LIBS_value=
ac_cv_env_LDFLAGS_set=
ac_cv_env_LDFLAGS_value=
ac_cv_env_LIBS_set=
ac_cv_env_LIBS_value=
ac_cv_env_LT_SYS_LIBRARY_PATH_set=
ac_cv_env_LT_SYS_LIBRARY_PATH_value=
ac_cv_env_PKG_CONFIG_LIBDIR_set=
ac_cv_env_PKG_CONFIG_LIBDIR_value=
ac_cv_env_PKG_CONFIG_PATH_set=
ac_cv_env_PKG_CONFIG_PATH_value=
ac_cv_env_PKG_CONFIG_set=
ac_cv_env_PKG_CONFIG_value=
ac_cv_env_X11_CFLAGS_set=
ac_cv_env_X11_CFLAGS_value=
ac_cv_env_X11_LIBS_set=
ac_cv_env_X11_LIBS_value=
ac_cv_env_XFT_CFLAGS_set=
ac_cv_env_XFT_CFLAGS_value=
ac_cv_env_XFT_LIBS_set=
ac_cv_env_XFT_LIBS_value=
ac_cv_env_XINERAMA_CFLAGS_set=
ac_cv_env_XINERAMA_CFLAGS_value=
ac_cv_env_XINERAMA_LIBS_set=
ac_cv_env_XINERAMA_LIBS_value=
ac_cv_env_build_alias_set=
ac_cv_env_build_alias_value=
ac_cv_env_host_alias_set=
ac_cv_env_host_alias_value=
ac_cv_env_target_alias_set=
ac_cv_env_target_alias_value=
ac_cv_header_dlfcn_h=yes
ac_cv_header_inttypes_h=yes
ac_cv_header_memory_h=yes
ac_cv_header_stdc=yes
ac_cv_header_stdint_h=yes
ac_cv_header_stdlib_h=yes
ac_cv_header_string_h=yes
ac_cv_header_strings_h=yes
ac_cv_header_sys_stat_h=yes
ac_cv_header_sys_types_h=yes
ac_cv_header_unistd_h=yes
ac_cv_host=x86_64-unknown-linux-gnu
ac_cv_objext=o
ac_cv_path_EGREP='/bin//grep -E'
ac_cv_path_FGREP='/bin//grep -F'
ac_cv_path_GREP=/bin//grep
ac_cv_path_SED=/bin//sed
ac_cv_path_ac_pt_PKG_CONFIG=/usr/bin/pkg-config
ac_cv_path_install='/usr/bin/install -c'
ac_cv_path_lt_DD=/bin//dd
ac_cv_path_mkdir=/bin//mkdir
ac_cv_prog_AWK=gawk
ac_cv_prog_CPP='gcc -E'
ac_cv_prog_CXXCPP='g++ -E'
ac_cv_prog_DOXYGEN=doxygen
ac_cv_prog_ac_ct_AR=ar
ac_cv_prog_ac_ct_CC=gcc
ac_cv_prog_ac_ct_CXX=g++
ac_cv_prog_ac_ct_MANIFEST_TOOL=mt
ac_cv_prog_ac_ct_OBJDUMP=objdump
ac_cv_prog_ac_ct_RANLIB=ranlib
ac_cv_prog_ac_ct_STRIP=strip
ac_cv_prog_cc_c89=
ac_cv_prog_cc_g=yes
ac_cv_prog_cxx_g=yes
ac_cv_prog_make_make_set=yes
am_cv_CC_dependencies_compiler_type=gcc3
am_cv_CXX_dependencies_compiler_type=gcc3
am_cv_make_support_nested_variables=yes
am_cv_prog_cc_c_o=yes
lt_cv_ar_at_file=@
lt_cv_archive_cmds_need_lc=no
lt_cv_deplibs_check_method=pass_all
lt_cv_file_magic_cmd='$MAGIC_CMD'
lt_cv_file_magic_test_file=
lt_cv_ld_reload_flag=-r
lt_cv_nm_interface='BSD nm'
lt_cv_objdir=.libs
lt_cv_path_LD=/usr/bin/ld
lt_cv_path_LDCXX='/usr/bin/ld -m elf_x86_64'
lt_cv_path_NM='/usr/bin/nm -B'
lt_cv_path_mainfest_tool=no
lt_cv_prog_compiler_c_o=yes
lt_cv_prog_compiler_c_o_CXX=yes
lt_cv_prog_compiler_pic='-fPIC -DPIC'
lt_cv_prog_compiler_pic_CXX='-fPIC -DPIC'
lt_cv_prog_compiler_pic_works=yes
lt_cv_prog_compiler_pic_works_CXX=yes
lt_cv_prog_compiler_rtti_exceptions=no
lt_cv_prog_compiler_static_works=yes
lt_cv_prog_compiler_static_works_CXX=yes
lt_cv_prog_gnu_ld=yes
lt_cv_prog_gnu_ldcxx=yes
lt_cv_sharedlib_from_linklib_cmd='printf %s\n'
lt_cv_shlibpath_overrides_runpath=no
lt_cv_sys_global_symbol_pipe='sed -n -e '\''s/^.*[	 ]\([ABCDGIRSTW][ABCDGIRSTW]*\)[	 ][	 ]*\([_A-Za-z][_A-Za-z0-9]*\)$/\1 \2 \2/p'\'' | sed '\''/ __gnu_lto/d'\'''
lt_cv_sys_global_symbol_to_c_name_address='sed -n -e '\''s/^: \(.*\) .*$/  {"\1", (void *) 0},/p'\'' -e '\''s/^[ABCDGIRSTW][ABCDGIRSTW]* .* \(.*\)$/  {"\1", (void *) \&\1},/p'\'''
lt_cv_sys_global_symbol_to_c_name_address_lib_prefix='sed -n -e '\''s/^: \(.*\) .*$/  {"\1", (void *) 0},/p'\'' -e '\''s/^[ABCDGIRSTW][ABCDGIRSTW]* .* \(lib.*\)$/  {"\1", (void *) \&\1},/p'\'' -e '\''s/^[ABCDGIRSTW][ABCDGIRSTW]* .* \(.*\)$/  {"lib\1", (void *) \&\1},/p'\'''
lt_cv_sys_global_symbol_to_cdecl='sed -n -e '\''s/^T .* \(.*\)$/extern int \1();/p'\'' -e '\''s/^[ABCDGIRSTW][ABCDGIRSTW]* .* \(.*\)$/extern char \1;/p'\'''
lt_cv_sys_global_symbol_to_import=
lt_cv_sys_max_cmd_len=1572864
lt_cv_to_host_file_cmd=func_convert_file_noop
lt_cv_to_tool_file_cmd=func_convert_file_noop
lt_cv_truncate_bin='/bin//dd bs=4096 count=1'
pkg_cv_CAIRO_CFLAGS='-I/usr/include/cairo -I/usr/include/glib-2.0 -I/usr/lib64/glib-2.0/include -I/usr/include/pixman-1 -I/usr/include/freetype2 -I/usr/include/libpng16 -I/usr/include/freetype2 -I/usr/include/libdrm -I/usr/include/libpng16 '
pkg_cv_CAIRO_LIBS='-L/usr/lib64 -lcairo '
pkg_cv_IMLIB_CFLAGS=
pkg_cv_IMLIB_LIBS='-L/usr/lib64 -lImlib2 '
pkg_cv_X11_CFLAGS=
pkg_cv_X11_LIBS='-lX11 '
pkg_cv_XFT_CFLAGS='-I/usr/include/freetype2 -I/usr/include/libpng16 -I/usr/include/freetype2 -I/usr/include/libpng16 '
pkg_cv_XFT_LIBS='-lXft '
pkg_cv_XINERAMA_CFLAGS=
pkg_cv_XINERAMA_LIBS='-lXinerama '

## ----------------- ##
## Output variables. ##
## ----------------- ##

ACLOCAL='${SHELL} /media/LinuxData/Development64/GithubProjects/LFSDesktopProject/LFSToolKit/missing aclocal-1.15'
AMDEPBACKSLASH='\'
AMDEP_FALSE='#'
AMDEP_TRUE=''
AMTAR='$${TAR-tar}'
AM_BACKSLASH='\'
AM_DEFAULT_V='$(AM_DEFAULT_VERBOSITY)'
AM_DEFAULT_VERBOSITY='1'
AM_V='$(V)'
AR='ar'
AUTOCONF='${SHELL} /media/LinuxData/Development64/GithubProjects/LFSDesktopProject/LFSToolKit/missing autoconf'
AUTOHEADER='${SHELL} /media/LinuxData/Development64/GithubProjects/LFSDesktopProject/LFSToolKit/missing autoheader'
AUTOMAKE='${SHELL} /media/LinuxData/Development64/GithubProjects/LFSDesktopProject/LFSToolKit/missing automake-1.15'
AWK='gawk'
CAIRO_CFLAGS='-I/usr/include/cairo -I/usr/include/glib-2.0 -I/usr/lib64/glib-2.0/include -I/usr/include/pixman-1 -I/usr/include/freetype2 -I/usr/include/libpng16 -I/usr/include/freetype2 -I/usr/include/libdrm -I/usr/include/libpng16 '
CAIRO_LIBS='-L/usr/lib64 -lcairo '
CC='gcc'
CCDEPMODE='depmode=gcc3'
CFLAGS='-g -O2'
CPP='gcc -E'
CPPFLAGS=''
CXX='g++'
CXXCPP='g++ -E'
CXXDEPMODE='depmode=gcc3'
CXXFLAGS='-g -O2'
CYGPATH_W='echo'
DEFS='-DHAVE_CONFIG_H'
DEPDIR='.deps'
DLLTOOL='false'
DOXYGEN='doxygen'
DSYMUTIL=''
DUMPBIN=''
ECHO_C=''
ECHO_N='-n'
ECHO_T=''
EGREP='/bin//grep -E'
EXEEXT=''
FGREP='/bin//grep -F'
GREP='/bin//grep'
HAVE_DOXYGEN_FALSE='#'
HAVE_DOXYGEN_TRUE=''
IMLIB_CFLAGS=''
IMLIB_LIBS='-L/usr/lib64 -lImlib2 '
INSTALL_DATA='${INSTALL} -m 644'
INSTALL_PROGRAM='${INSTALL}'
INSTALL_SCRIPT='${INSTALL}'
INSTALL_STRIP_PROGRAM='$(install_sh) -c -s'
LD='/usr/bin/ld -m elf_x86_64'
LDFLAGS=''
LFSTOOLKIT_LIBTOOL_VERSION='1:0:1'
LIBOBJS=''
LIBS=''
LIBTOOL='$(SHELL) $(top_builddir)/libtool'
LIPO=''
LN_S='ln -s'
LTLIBOBJS=''
LT_SYS_LIBRARY_PATH=''
MAKEINFO='${SHELL} /media/LinuxData/Development64/GithubProjects/LFSDesktopProject/LFSToolKit/missing makeinfo'
MANIFEST_TOOL=':'
MKDIR_P='/bin//mkdir -p'
NM='/usr/bin/nm -B'
NMEDIT=''
OBJDUMP='objdump'
OBJEXT='o'
OTOOL64=''
OTOOL=''
PACKAGE='LFSToolKit'
PACKAGE_BUGREPORT='PROJ'
PACKAGE_NAME='LFSToolKit'
PACKAGE_STRING='LFSToolKit 0.1.0'
PACKAGE_TARNAME='LFSToolKit'
PACKAGE_URL=''
PACKAGE_VERSION='0.1.0'
PATH_SEPARATOR=':'
PKG_CONFIG='/usr/bin/pkg-config'
PKG_CONFIG_LIBDIR=''
PKG_CONFIG_PATH=''
RANLIB='ranlib'
SED='/bin//sed'
SET_MAKE=''
SHELL='/bin/sh'
STRIP='strip'
VERSION='0.1.0'
X11_CFLAGS=''
X11_LIBS='-lX11 '
XFT_CFLAGS='-I/usr/include/freetype2 -I/usr/include/libpng16 -I/usr/include/freetype2 -I/usr/include/libpng16 '
XFT_LIBS='-lXft '
XINERAMA_CFLAGS=''
XINERAMA_LIBS='-lXinerama '
ac_ct_AR='ar'
ac_ct_CC='gcc'
ac_ct_CXX='g++'
ac_ct_DUMPBIN=''
am__EXEEXT_FALSE=''
am__EXEEXT_TRUE='#'
am__fastdepCC_FALSE='#'
am__fastdepCC_TRUE=''
am__fastdepCXX_FALSE='#'
am__fastdepCXX_TRUE=''
am__include='include'
am__isrc=''
am__leading_dot='.'
am__nodep='_no'
am__quote=''
am__tar='$${TAR-tar} chof - "$$tardir"'
am__untar='$${TAR-tar} xf -'
bindir='${exec_prefix}/bin'
build='x86_64-unknown-linux-gnu'
build_alias=''
build_cpu='x86_64'
build_os='linux-gnu'
build_vendor='unknown'
datadir='${datarootdir}'
datarootdir='${prefix}/share'
docdir='${datarootdir}/doc/${PACKAGE_TARNAME}'
dvidir='${docdir}'
exec_prefix='${prefix}'
host='x86_64-unknown-linux-gnu'
host_alias=''
host_cpu='x86_64'
host_os='linux-gnu'
host_vendor='unknown'
htmldir='${docdir}'
includedir='${prefix}/include'
infodir='${datarootdir}/info'
install_sh='${SHELL} /media/LinuxData/Development64/GithubProjects/LFSDesktopProject/LFSToolKit/install-sh'
libdir='${exec_prefix}/lib'
libexecdir='${exec_prefix}/libexec'
localedir='${datarootdir}/locale'
localstatedir='${prefix}/var'
mandir='${datarootdir}/man'
mkdir_p='$(MKDIR_P)'
oldincludedir='/usr/include'
pdfdir='${docdir}'
prefix='/usr'
program_transform_name='s,x,x,'
psdir='${docdir}'
sbindir='${exec_prefix}/sbin'
sharedstatedir='${prefix}/com'
sysconfdir='${prefix}/etc'
target_alias=''

## ----------- ##
## confdefs.h. ##
## ----------- ##

/* confdefs.h */
#define PACKAGE_NAME "LFSToolKit"
#define PACKAGE_TARNAME "LFSToolKit"
#define PACKAGE_VERSION "0.1.0"
#define PACKAGE_STRING "LFSToolKit 0.1.0"
#define PACKAGE_BUGREPORT "PROJ"
#define PACKAGE_URL ""
#define PACKAGE "LFSToolKit"
#define VERSION "0.1.0"
#define STDC_HEADERS 1
#define HAVE_SYS_TYPES_H 1
#define HAVE_SYS_STAT_H 1
#define HAVE_STDLIB_H 1
#define HAVE_STRING_H 1
#define HAVE_MEMORY_H 1
#define HAVE_STRINGS_H 1
#define HAVE_INTTYPES_H 1
#define HAVE_STDINT_H 1
#define HAVE_UNISTD_H 1
#define HAVE_DLFCN_H 1
#define LT_OBJDIR ".libs/"

configure: exit 0
