This file contains any messages produced by compilers while
running configure, to aid debugging if configure makes a mistake.

It was created by LFSApplications configure 0.1.0, which was
generated by GNU Autoconf 2.69.  Invocation command line was

  $ ./configure --prefix=/usr

## --------- ##
## Platform. ##
## --------- ##

hostname = LFSCerebro
uname -m = x86_64
uname -r = 3.19.0
uname -s = Linux
uname -v = #1 SMP PREEMPT Fri Apr 24 15:58:12 BST 2015

/usr/bin/uname -p = unknown
/bin/uname -X     = unknown

/bin/arch              = unknown
/usr/bin/arch -k       = unknown
/usr/convex/getsysinfo = unknown
/usr/bin/hostinfo      = unknown
/bin/machine           = unknown
/usr/bin/oslevel       = unknown
/bin/universe          = unknown

PATH: /home/keithhedger/Scripts
PATH: /usr/bin
PATH: /usr/local/bin
PATH: /usr/local/scripts
PATH: /bin/
PATH: /usr/sbin
PATH: /sbin
PATH: /media/LinuxData/Development/x86-linux64-cross-arm-linux-hardfp/bin
PATH: /media/LinuxData/Development/local/bin
PATH: /media/LinuxData/Development/local/usr/bin
PATH: /home/keithhedger/Scripts
PATH: /usr/bin
PATH: /usr/local/bin
PATH: /usr/local/scripts
PATH: /bin/
PATH: /usr/sbin
PATH: /sbin
PATH: /media/LinuxData/Development/x86-linux64-cross-arm-linux-hardfp/bin
PATH: /media/LinuxData/Development/local/bin
PATH: /media/LinuxData/Development/local/usr/bin
PATH: /home/keithhedger/Scripts
PATH: /usr/bin
PATH: /usr/local/bin
PATH: /usr/local/scripts
PATH: /bin/
PATH: /usr/sbin
PATH: /sbin
PATH: /media/LinuxData/Development/x86-linux64-cross-arm-linux-hardfp/bin
PATH: /media/LinuxData/Development/local/bin
PATH: /media/LinuxData/Development/local/usr/bin
PATH: /bin
PATH: /usr/bin
PATH: /opt/jdk/bin
PATH: /opt/jdk/bin
PATH: /opt/jdk/bin


## ----------- ##
## Core tests. ##
## ----------- ##

configure:2010: checking for g++
configure:2026: found /home/keithhedger/Scripts/g++
configure:2037: result: g++
configure:2064: checking for C++ compiler version
configure:2073: g++ --version >&5
g++ (GCC) 4.9.2
Copyright (C) 2014 Free Software Foundation, Inc.
This is free software; see the source for copying conditions.  There is NO
warranty; not even for MERCHANTABILITY or FITNESS FOR A PARTICULAR PURPOSE.

configure:2084: $? = 0
configure:2073: g++ -v >&5
Using built-in specs.
COLLECT_GCC=/usr/bin/g++
COLLECT_LTO_WRAPPER=/usr/lib/gcc/x86_64-unknown-linux-gnu/4.9.2/lto-wrapper
Target: x86_64-unknown-linux-gnu
Configured with: ../gcc-4.9.2/configure --prefix=/usr --libdir=/usr/lib64 --libexecdir=/usr/lib --enable-shared --enable-threads=posix --enable-__cxa_atexit --enable-clocale=gnu --enable-languages=c,c++,objc,obj-c++ --disable-multilib --disable-bootstrap --with-system-zlib
Thread model: posix
gcc version 4.9.2 (GCC) 
configure:2084: $? = 0
configure:2073: g++ -V >&5
g++: error: unrecognized command line option '-V'
g++: fatal error: no input files
compilation terminated.
configure:2084: $? = 1
configure:2073: g++ -qversion >&5
g++: error: unrecognized command line option '-qversion'
g++: fatal error: no input files
compilation terminated.
configure:2084: $? = 1
configure:2104: checking whether the C++ compiler works
configure:2126: g++    conftest.cpp  >&5
configure:2130: $? = 0
configure:2178: result: yes
configure:2181: checking for C++ compiler default output file name
configure:2183: result: a.out
configure:2189: checking for suffix of executables
configure:2196: g++ -o conftest    conftest.cpp  >&5
configure:2200: $? = 0
configure:2222: result: 
configure:2244: checking whether we are cross compiling
configure:2252: g++ -o conftest    conftest.cpp  >&5
configure:2256: $? = 0
configure:2263: ./conftest
configure:2267: $? = 0
configure:2282: result: no
configure:2287: checking for suffix of object files
configure:2309: g++ -c   conftest.cpp >&5
configure:2313: $? = 0
configure:2334: result: o
configure:2338: checking whether we are using the GNU C++ compiler
configure:2357: g++ -c   conftest.cpp >&5
configure:2357: $? = 0
configure:2366: result: yes
configure:2375: checking whether g++ accepts -g
configure:2395: g++ -c -g  conftest.cpp >&5
configure:2395: $? = 0
configure:2436: result: yes
configure:2505: checking for a BSD-compatible install
configure:2573: result: /usr/bin/install -c
configure:2584: checking whether build environment is sane
configure:2639: result: yes
configure:2790: checking for a thread-safe mkdir -p
configure:2829: result: /bin//mkdir -p
configure:2836: checking for gawk
configure:2852: found /usr/bin/gawk
configure:2863: result: gawk
configure:2874: checking whether make sets $(MAKE)
configure:2896: result: yes
configure:2926: checking for style of include used by make
configure:2954: result: GNU
configure:2988: checking whether make supports nested variables
configure:3005: result: yes
configure:3090: checking dependency style of g++
configure:3201: result: gcc3
configure:3308: checking for gcc
configure:3324: found /home/keithhedger/Scripts/gcc
configure:3335: result: gcc
configure:3564: checking for C compiler version
configure:3573: gcc --version >&5
gcc (GCC) 4.9.2
Copyright (C) 2014 Free Software Foundation, Inc.
This is free software; see the source for copying conditions.  There is NO
warranty; not even for MERCHANTABILITY or FITNESS FOR A PARTICULAR PURPOSE.

configure:3584: $? = 0
configure:3573: gcc -v >&5
Using built-in specs.
COLLECT_GCC=/usr/bin/gcc
COLLECT_LTO_WRAPPER=/usr/lib/gcc/x86_64-unknown-linux-gnu/4.9.2/lto-wrapper
Target: x86_64-unknown-linux-gnu
Configured with: ../gcc-4.9.2/configure --prefix=/usr --libdir=/usr/lib64 --libexecdir=/usr/lib --enable-shared --enable-threads=posix --enable-__cxa_atexit --enable-clocale=gnu --enable-languages=c,c++,objc,obj-c++ --disable-multilib --disable-bootstrap --with-system-zlib
Thread model: posix
gcc version 4.9.2 (GCC) 
configure:3584: $? = 0
configure:3573: gcc -V >&5
gcc: error: unrecognized command line option '-V'
gcc: fatal error: no input files
compilation terminated.
configure:3584: $? = 1
configure:3573: gcc -qversion >&5
gcc: error: unrecognized command line option '-qversion'
gcc: fatal error: no input files
compilation terminated.
configure:3584: $? = 1
configure:3588: checking whether we are using the GNU C compiler
configure:3607: gcc -c   conftest.c >&5
configure:3607: $? = 0
configure:3616: result: yes
configure:3625: checking whether gcc accepts -g
configure:3645: gcc -c -g  conftest.c >&5
configure:3645: $? = 0
configure:3686: result: yes
configure:3703: checking for gcc option to accept ISO C89
configure:3766: gcc  -c -g -O2  conftest.c >&5
configure:3766: $? = 0
configure:3779: result: none needed
configure:3804: checking whether gcc understands -c and -o together
configure:3826: gcc -c conftest.c -o conftest2.o
configure:3829: $? = 0
configure:3826: gcc -c conftest.c -o conftest2.o
configure:3829: $? = 0
configure:3841: result: yes
configure:3860: checking dependency style of gcc
configure:3971: result: gcc3
configure:3992: checking how to run the C preprocessor
configure:4023: gcc -E  conftest.c
configure:4023: $? = 0
configure:4037: gcc -E  conftest.c
conftest.c:11:28: fatal error: ac_nonexistent.h: No such file or directory
 #include <ac_nonexistent.h>
                            ^
compilation terminated.
configure:4037: $? = 1
configure: failed program was:
| /* confdefs.h */
| #define PACKAGE_NAME "LFSApplications"
| #define PACKAGE_TARNAME "LFSPanel"
| #define PACKAGE_VERSION "0.1.0"
| #define PACKAGE_STRING "LFSApplications 0.1.0"
| #define PACKAGE_BUGREPORT "PROJ"
| #define PACKAGE_URL ""
| #define PACKAGE "LFSPanel"
| #define VERSION "0.1.0"
| /* end confdefs.h.  */
| #include <ac_nonexistent.h>
configure:4062: result: gcc -E
configure:4082: gcc -E  conftest.c
configure:4082: $? = 0
configure:4096: gcc -E  conftest.c
conftest.c:11:28: fatal error: ac_nonexistent.h: No such file or directory
 #include <ac_nonexistent.h>
                            ^
compilation terminated.
configure:4096: $? = 1
configure: failed program was:
| /* confdefs.h */
| #define PACKAGE_NAME "LFSApplications"
| #define PACKAGE_TARNAME "LFSPanel"
| #define PACKAGE_VERSION "0.1.0"
| #define PACKAGE_STRING "LFSApplications 0.1.0"
| #define PACKAGE_BUGREPORT "PROJ"
| #define PACKAGE_URL ""
| #define PACKAGE "LFSPanel"
| #define VERSION "0.1.0"
| /* end confdefs.h.  */
| #include <ac_nonexistent.h>
configure:4125: checking for grep that handles long lines and -e
configure:4183: result: /bin//grep
configure:4188: checking for egrep
configure:4250: result: /bin//grep -E
configure:4255: checking for ANSI C header files
configure:4275: gcc -c -g -O2  conftest.c >&5
configure:4275: $? = 0
configure:4348: gcc -o conftest -g -O2   conftest.c  >&5
configure:4348: $? = 0
configure:4348: ./conftest
configure:4348: $? = 0
configure:4359: result: yes
configure:4431: checking for pkg-config
configure:4449: found /usr/bin/pkg-config
configure:4461: result: /usr/bin/pkg-config
configure:4486: checking pkg-config is at least version 0.9.0
configure:4489: result: yes
configure:4499: checking for X11
configure:4506: $PKG_CONFIG --exists --print-errors "$X11_MODULES"
configure:4509: $? = 0
configure:4523: $PKG_CONFIG --exists --print-errors "$X11_MODULES"
configure:4526: $? = 0
configure:4584: result: yes
configure:4594: checking for XFT
configure:4601: $PKG_CONFIG --exists --print-errors "$XFT_MODULES"
configure:4604: $? = 0
configure:4618: $PKG_CONFIG --exists --print-errors "$XFT_MODULES"
configure:4621: $? = 0
configure:4679: result: yes
configure:4689: checking for IMLIB
configure:4696: $PKG_CONFIG --exists --print-errors "$IMLIB_MODULES"
configure:4699: $? = 0
configure:4713: $PKG_CONFIG --exists --print-errors "$IMLIB_MODULES"
configure:4716: $? = 0
configure:4774: result: yes
configure:4892: checking that generated files are newer than configure
configure:4898: result: done
configure:4925: creating ./config.status

## ---------------------- ##
## Running config.status. ##
## ---------------------- ##

This file was extended by LFSApplications config.status 0.1.0, which was
generated by GNU Autoconf 2.69.  Invocation command line was

  CONFIG_FILES    = 
  CONFIG_HEADERS  = 
  CONFIG_LINKS    = 
  CONFIG_COMMANDS = 
  $ ./config.status 

on LFSCerebro

config.status:859: creating Makefile
config.status:859: creating LFSPanel/app/Makefile
config.status:859: creating config.h
config.status:1088: executing depfiles commands

## ---------------- ##
## Cache variables. ##
## ---------------- ##

ac_cv_c_compiler_gnu=yes
ac_cv_cxx_compiler_gnu=yes
ac_cv_env_CCC_set=
ac_cv_env_CCC_value=
ac_cv_env_CC_set=
ac_cv_env_CC_value=
ac_cv_env_CFLAGS_set=
ac_cv_env_CFLAGS_value=
ac_cv_env_CPPFLAGS_set=
ac_cv_env_CPPFLAGS_value=
ac_cv_env_CPP_set=
ac_cv_env_CPP_value=
ac_cv_env_CXXFLAGS_set=
ac_cv_env_CXXFLAGS_value=
ac_cv_env_CXX_set=
ac_cv_env_CXX_value=
ac_cv_env_IMLIB_CFLAGS_set=
ac_cv_env_IMLIB_CFLAGS_value=
ac_cv_env_IMLIB_LIBS_set=
ac_cv_env_IMLIB_LIBS_value=
ac_cv_env_LDFLAGS_set=
ac_cv_env_LDFLAGS_value=
ac_cv_env_LIBS_set=
ac_cv_env_LIBS_value=
ac_cv_env_PKG_CONFIG_LIBDIR_set=
ac_cv_env_PKG_CONFIG_LIBDIR_value=
ac_cv_env_PKG_CONFIG_PATH_set=
ac_cv_env_PKG_CONFIG_PATH_value=
ac_cv_env_PKG_CONFIG_set=
ac_cv_env_PKG_CONFIG_value=
ac_cv_env_X11_CFLAGS_set=
ac_cv_env_X11_CFLAGS_value=
ac_cv_env_X11_LIBS_set=
ac_cv_env_X11_LIBS_value=
ac_cv_env_XFT_CFLAGS_set=
ac_cv_env_XFT_CFLAGS_value=
ac_cv_env_XFT_LIBS_set=
ac_cv_env_XFT_LIBS_value=
ac_cv_env_build_alias_set=
ac_cv_env_build_alias_value=
ac_cv_env_host_alias_set=
ac_cv_env_host_alias_value=
ac_cv_env_target_alias_set=
ac_cv_env_target_alias_value=
ac_cv_header_stdc=yes
ac_cv_objext=o
ac_cv_path_EGREP='/bin//grep -E'
ac_cv_path_GREP=/bin//grep
ac_cv_path_ac_pt_PKG_CONFIG=/usr/bin/pkg-config
ac_cv_path_install='/usr/bin/install -c'
ac_cv_path_mkdir=/bin//mkdir
ac_cv_prog_AWK=gawk
ac_cv_prog_CPP='gcc -E'
ac_cv_prog_ac_ct_CC=gcc
ac_cv_prog_ac_ct_CXX=g++
ac_cv_prog_cc_c89=
ac_cv_prog_cc_g=yes
ac_cv_prog_cxx_g=yes
ac_cv_prog_make_make_set=yes
am_cv_CC_dependencies_compiler_type=gcc3
am_cv_CXX_dependencies_compiler_type=gcc3
am_cv_make_support_nested_variables=yes
am_cv_prog_cc_c_o=yes
pkg_cv_IMLIB_CFLAGS=
pkg_cv_IMLIB_LIBS='-L/usr/lib64 -lImlib2 '
pkg_cv_X11_CFLAGS=
pkg_cv_X11_LIBS='-lX11 '
pkg_cv_XFT_CFLAGS='-I/usr/include/freetype2 -I/usr/include/libpng16 -I/usr/include/freetype2 -I/usr/include/libpng16 '
pkg_cv_XFT_LIBS='-lXft '

## ----------------- ##
## Output variables. ##
## ----------------- ##

ACLOCAL='${SHELL} /media/LinuxData/Development64/GithubProjects/LFSDesktopProject/LFSPanel/missing aclocal-1.15'
AMDEPBACKSLASH='\'
AMDEP_FALSE='#'
AMDEP_TRUE=''
AMTAR='$${TAR-tar}'
AM_BACKSLASH='\'
AM_DEFAULT_V='$(AM_DEFAULT_VERBOSITY)'
AM_DEFAULT_VERBOSITY='1'
AM_V='$(V)'
AUTOCONF='${SHELL} /media/LinuxData/Development64/GithubProjects/LFSDesktopProject/LFSPanel/missing autoconf'
AUTOHEADER='${SHELL} /media/LinuxData/Development64/GithubProjects/LFSDesktopProject/LFSPanel/missing autoheader'
AUTOMAKE='${SHELL} /media/LinuxData/Development64/GithubProjects/LFSDesktopProject/LFSPanel/missing automake-1.15'
AWK='gawk'
CC='gcc'
CCDEPMODE='depmode=gcc3'
CFLAGS='-Wall'
CPP='gcc -E'
CPPFLAGS=''
CXX='g++'
CXXDEPMODE='depmode=gcc3'
CXXFLAGS='-g -O2'
CYGPATH_W='echo'
DEFS='-DHAVE_CONFIG_H'
DEPDIR='.deps'
ECHO_C=''
ECHO_N='-n'
ECHO_T=''
EGREP='/bin//grep -E'
EXEEXT=''
GREP='/bin//grep'
IMLIB_CFLAGS=''
IMLIB_LIBS='-L/usr/lib64 -lImlib2 '
INSTALL_DATA='${INSTALL} -m 644'
INSTALL_PROGRAM='${INSTALL}'
INSTALL_SCRIPT='${INSTALL}'
INSTALL_STRIP_PROGRAM='$(install_sh) -c -s'
LDFLAGS=''
LIBOBJS=''
LIBS=''
LTLIBOBJS=''
MAKEINFO='${SHELL} /media/LinuxData/Development64/GithubProjects/LFSDesktopProject/LFSPanel/missing makeinfo'
MKDIR_P='/bin//mkdir -p'
OBJEXT='o'
PACKAGE='LFSPanel'
PACKAGE_BUGREPORT='PROJ'
PACKAGE_NAME='LFSApplications'
PACKAGE_STRING='LFSApplications 0.1.0'
PACKAGE_TARNAME='LFSPanel'
PACKAGE_URL=''
PACKAGE_VERSION='0.1.0'
PATH_SEPARATOR=':'
PKG_CONFIG='/usr/bin/pkg-config'
PKG_CONFIG_LIBDIR=''
PKG_CONFIG_PATH=''
SET_MAKE=''
SHELL='/bin/sh'
STRIP=''
VERSION='0.1.0'
X11_CFLAGS=''
X11_LIBS='-lX11 '
XFT_CFLAGS='-I/usr/include/freetype2 -I/usr/include/libpng16 -I/usr/include/freetype2 -I/usr/include/libpng16 '
XFT_LIBS='-lXft '
ac_ct_CC='gcc'
ac_ct_CXX='g++'
am__EXEEXT_FALSE=''
am__EXEEXT_TRUE='#'
am__fastdepCC_FALSE='#'
am__fastdepCC_TRUE=''
am__fastdepCXX_FALSE='#'
am__fastdepCXX_TRUE=''
am__include='include'
am__isrc=''
am__leading_dot='.'
am__nodep='_no'
am__quote=''
am__tar='$${TAR-tar} chof - "$$tardir"'
am__untar='$${TAR-tar} xf -'
bindir='${exec_prefix}/bin'
build_alias=''
datadir='${datarootdir}'
datarootdir='${prefix}/share'
docdir='${datarootdir}/doc/${PACKAGE_TARNAME}'
dvidir='${docdir}'
exec_prefix='${prefix}'
host_alias=''
htmldir='${docdir}'
includedir='${prefix}/include'
infodir='${datarootdir}/info'
install_sh='${SHELL} /media/LinuxData/Development64/GithubProjects/LFSDesktopProject/LFSPanel/install-sh'
libdir='${exec_prefix}/lib'
libexecdir='${exec_prefix}/libexec'
localedir='${datarootdir}/locale'
localstatedir='${prefix}/var'
mandir='${datarootdir}/man'
mkdir_p='$(MKDIR_P)'
oldincludedir='/usr/include'
pdfdir='${docdir}'
prefix='/usr'
program_transform_name='s,x,x,'
psdir='${docdir}'
sbindir='${exec_prefix}/sbin'
sharedstatedir='${prefix}/com'
sysconfdir='${prefix}/etc'
target_alias=''

## ----------- ##
## confdefs.h. ##
## ----------- ##

/* confdefs.h */
#define PACKAGE_NAME "LFSApplications"
#define PACKAGE_TARNAME "LFSPanel"
#define PACKAGE_VERSION "0.1.0"
#define PACKAGE_STRING "LFSApplications 0.1.0"
#define PACKAGE_BUGREPORT "PROJ"
#define PACKAGE_URL ""
#define PACKAGE "LFSPanel"
#define VERSION "0.1.0"
#define STDC_HEADERS 1

configure: exit 0

## ---------------------- ##
## Running config.status. ##
## ---------------------- ##

This file was extended by LFSApplications config.status 0.1.0, which was
generated by GNU Autoconf 2.69.  Invocation command line was

  CONFIG_FILES    = 
  CONFIG_HEADERS  = 
  CONFIG_LINKS    = 
  CONFIG_COMMANDS = 
  $ ./config.status config.h

on LFSCerebro

config.status:859: creating config.h
config.status:1040: config.h is unchanged
