This file contains any messages produced by compilers while
running configure, to aid debugging if configure makes a mistake.

It was created by LFSDesktop configure 0.1.0, which was
generated by GNU Autoconf 2.69.  Invocation command line was

  $ ./configure --prefix=/usr

## --------- ##
## Platform. ##
## --------- ##

hostname = LFSCerebro
uname -m = x86_64
uname -r = 3.19.0
uname -s = Linux
uname -v = #1 SMP PREEMPT Fri Apr 24 15:58:12 BST 2015

/usr/bin/uname -p = unknown
/bin/uname -X     = unknown

/bin/arch              = unknown
/usr/bin/arch -k       = unknown
/usr/convex/getsysinfo = unknown
/usr/bin/hostinfo      = unknown
/bin/machine           = unknown
/usr/bin/oslevel       = unknown
/bin/universe          = unknown

PATH: /home/keithhedger/Scripts
PATH: /usr/bin
PATH: /usr/local/bin
PATH: /usr/local/scripts
PATH: /bin/
PATH: /usr/sbin
PATH: /sbin
PATH: /media/LinuxData/Development/x86-linux64-cross-arm-linux-hardfp/bin
PATH: /media/LinuxData/Development/local/bin
PATH: /media/LinuxData/Development/local/usr/bin
PATH: /home/keithhedger/Scripts
PATH: /usr/bin
PATH: /usr/local/bin
PATH: /usr/local/scripts
PATH: /bin/
PATH: /usr/sbin
PATH: /sbin
PATH: /media/LinuxData/Development/x86-linux64-cross-arm-linux-hardfp/bin
PATH: /media/LinuxData/Development/local/bin
PATH: /media/LinuxData/Development/local/usr/bin
PATH: /home/keithhedger/Scripts
PATH: /usr/bin
PATH: /usr/local/bin
PATH: /usr/local/scripts
PATH: /bin/
PATH: /usr/sbin
PATH: /sbin
PATH: /media/LinuxData/Development/x86-linux64-cross-arm-linux-hardfp/bin
PATH: /media/LinuxData/Development/local/bin
PATH: /media/LinuxData/Development/local/usr/bin
PATH: /bin
PATH: /usr/bin
PATH: /opt/jdk/bin
PATH: /opt/jdk/bin
PATH: /opt/jdk/bin


## ----------- ##
## Core tests. ##
## ----------- ##

configure:2034: checking for g++
configure:2050: found /home/keithhedger/Scripts/g++
configure:2061: result: g++
configure:2088: checking for C++ compiler version
configure:2097: g++ --version >&5
g++ (GCC) 4.9.2
Copyright (C) 2014 Free Software Foundation, Inc.
This is free software; see the source for copying conditions.  There is NO
warranty; not even for MERCHANTABILITY or FITNESS FOR A PARTICULAR PURPOSE.

configure:2108: $? = 0
configure:2097: g++ -v >&5
Using built-in specs.
COLLECT_GCC=/usr/bin/g++
COLLECT_LTO_WRAPPER=/usr/lib/gcc/x86_64-unknown-linux-gnu/4.9.2/lto-wrapper
Target: x86_64-unknown-linux-gnu
Configured with: ../gcc-4.9.2/configure --prefix=/usr --libdir=/usr/lib64 --libexecdir=/usr/lib --enable-shared --enable-threads=posix --enable-__cxa_atexit --enable-clocale=gnu --enable-languages=c,c++,objc,obj-c++ --disable-multilib --disable-bootstrap --with-system-zlib
Thread model: posix
gcc version 4.9.2 (GCC) 
configure:2108: $? = 0
configure:2097: g++ -V >&5
g++: error: unrecognized command line option '-V'
g++: fatal error: no input files
compilation terminated.
configure:2108: $? = 1
configure:2097: g++ -qversion >&5
g++: error: unrecognized command line option '-qversion'
g++: fatal error: no input files
compilation terminated.
configure:2108: $? = 1
configure:2128: checking whether the C++ compiler works
configure:2150: g++    conftest.cpp  >&5
configure:2154: $? = 0
configure:2202: result: yes
configure:2205: checking for C++ compiler default output file name
configure:2207: result: a.out
configure:2213: checking for suffix of executables
configure:2220: g++ -o conftest    conftest.cpp  >&5
configure:2224: $? = 0
configure:2246: result: 
configure:2268: checking whether we are cross compiling
configure:2276: g++ -o conftest    conftest.cpp  >&5
configure:2280: $? = 0
configure:2287: ./conftest
configure:2291: $? = 0
configure:2306: result: no
configure:2311: checking for suffix of object files
configure:2333: g++ -c   conftest.cpp >&5
configure:2337: $? = 0
configure:2358: result: o
configure:2362: checking whether we are using the GNU C++ compiler
configure:2381: g++ -c   conftest.cpp >&5
configure:2381: $? = 0
configure:2390: result: yes
configure:2399: checking whether g++ accepts -g
configure:2419: g++ -c -g  conftest.cpp >&5
configure:2419: $? = 0
configure:2460: result: yes
configure:2529: checking for a BSD-compatible install
configure:2597: result: /usr/bin/install -c
configure:2608: checking whether build environment is sane
configure:2663: result: yes
configure:2814: checking for a thread-safe mkdir -p
configure:2853: result: /bin//mkdir -p
configure:2860: checking for gawk
configure:2876: found /usr/bin/gawk
configure:2887: result: gawk
configure:2898: checking whether make sets $(MAKE)
configure:2920: result: yes
configure:2950: checking for style of include used by make
configure:2978: result: GNU
configure:3012: checking whether make supports nested variables
configure:3029: result: yes
configure:3114: checking dependency style of g++
configure:3225: result: gcc3
configure:3332: checking for gcc
configure:3348: found /home/keithhedger/Scripts/gcc
configure:3359: result: gcc
configure:3588: checking for C compiler version
configure:3597: gcc --version >&5
gcc (GCC) 4.9.2
Copyright (C) 2014 Free Software Foundation, Inc.
This is free software; see the source for copying conditions.  There is NO
warranty; not even for MERCHANTABILITY or FITNESS FOR A PARTICULAR PURPOSE.

configure:3608: $? = 0
configure:3597: gcc -v >&5
Using built-in specs.
COLLECT_GCC=/usr/bin/gcc
COLLECT_LTO_WRAPPER=/usr/lib/gcc/x86_64-unknown-linux-gnu/4.9.2/lto-wrapper
Target: x86_64-unknown-linux-gnu
Configured with: ../gcc-4.9.2/configure --prefix=/usr --libdir=/usr/lib64 --libexecdir=/usr/lib --enable-shared --enable-threads=posix --enable-__cxa_atexit --enable-clocale=gnu --enable-languages=c,c++,objc,obj-c++ --disable-multilib --disable-bootstrap --with-system-zlib
Thread model: posix
gcc version 4.9.2 (GCC) 
configure:3608: $? = 0
configure:3597: gcc -V >&5
gcc: error: unrecognized command line option '-V'
gcc: fatal error: no input files
compilation terminated.
configure:3608: $? = 1
configure:3597: gcc -qversion >&5
gcc: error: unrecognized command line option '-qversion'
gcc: fatal error: no input files
compilation terminated.
configure:3608: $? = 1
configure:3612: checking whether we are using the GNU C compiler
configure:3631: gcc -c   conftest.c >&5
configure:3631: $? = 0
configure:3640: result: yes
configure:3649: checking whether gcc accepts -g
configure:3669: gcc -c -g  conftest.c >&5
configure:3669: $? = 0
configure:3710: result: yes
configure:3727: checking for gcc option to accept ISO C89
configure:3790: gcc  -c -g -O2  conftest.c >&5
configure:3790: $? = 0
configure:3803: result: none needed
configure:3828: checking whether gcc understands -c and -o together
configure:3850: gcc -c conftest.c -o conftest2.o
configure:3853: $? = 0
configure:3850: gcc -c conftest.c -o conftest2.o
configure:3853: $? = 0
configure:3865: result: yes
configure:3884: checking dependency style of gcc
configure:3995: result: gcc3
configure:4016: checking how to run the C preprocessor
configure:4047: gcc -E  conftest.c
configure:4047: $? = 0
configure:4061: gcc -E  conftest.c
conftest.c:11:28: fatal error: ac_nonexistent.h: No such file or directory
 #include <ac_nonexistent.h>
                            ^
compilation terminated.
configure:4061: $? = 1
configure: failed program was:
| /* confdefs.h */
| #define PACKAGE_NAME "LFSDesktop"
| #define PACKAGE_TARNAME "LFSDesktop"
| #define PACKAGE_VERSION "0.1.0"
| #define PACKAGE_STRING "LFSDesktop 0.1.0"
| #define PACKAGE_BUGREPORT "LFSDesktop"
| #define PACKAGE_URL ""
| #define PACKAGE "LFSDesktop"
| #define VERSION "0.1.0"
| /* end confdefs.h.  */
| #include <ac_nonexistent.h>
configure:4086: result: gcc -E
configure:4106: gcc -E  conftest.c
configure:4106: $? = 0
configure:4120: gcc -E  conftest.c
conftest.c:11:28: fatal error: ac_nonexistent.h: No such file or directory
 #include <ac_nonexistent.h>
                            ^
compilation terminated.
configure:4120: $? = 1
configure: failed program was:
| /* confdefs.h */
| #define PACKAGE_NAME "LFSDesktop"
| #define PACKAGE_TARNAME "LFSDesktop"
| #define PACKAGE_VERSION "0.1.0"
| #define PACKAGE_STRING "LFSDesktop 0.1.0"
| #define PACKAGE_BUGREPORT "LFSDesktop"
| #define PACKAGE_URL ""
| #define PACKAGE "LFSDesktop"
| #define VERSION "0.1.0"
| /* end confdefs.h.  */
| #include <ac_nonexistent.h>
configure:4149: checking for grep that handles long lines and -e
configure:4207: result: /bin//grep
configure:4212: checking for egrep
configure:4274: result: /bin//grep -E
configure:4279: checking for ANSI C header files
configure:4299: gcc -c -g -O2  conftest.c >&5
configure:4299: $? = 0
configure:4372: gcc -o conftest -g -O2   conftest.c  >&5
configure:4372: $? = 0
configure:4372: ./conftest
configure:4372: $? = 0
configure:4383: result: yes
configure:4454: checking for pkg-config
configure:4472: found /usr/bin/pkg-config
configure:4484: result: /usr/bin/pkg-config
configure:4509: checking pkg-config is at least version 0.9.0
configure:4512: result: yes
configure:4522: checking for X11
configure:4529: $PKG_CONFIG --exists --print-errors "$X11_MODULES"
configure:4532: $? = 0
configure:4546: $PKG_CONFIG --exists --print-errors "$X11_MODULES"
configure:4549: $? = 0
configure:4607: result: yes
configure:4617: checking for XINERAMA
configure:4624: $PKG_CONFIG --exists --print-errors "$XINERAMA_MODULES"
configure:4627: $? = 0
configure:4641: $PKG_CONFIG --exists --print-errors "$XINERAMA_MODULES"
configure:4644: $? = 0
configure:4702: result: yes
configure:4712: checking for XEXT
configure:4719: $PKG_CONFIG --exists --print-errors "$XEXT_MODULES"
configure:4722: $? = 0
configure:4736: $PKG_CONFIG --exists --print-errors "$XEXT_MODULES"
configure:4739: $? = 0
configure:4797: result: yes
configure:4807: checking for XFT
configure:4814: $PKG_CONFIG --exists --print-errors "$XFT_MODULES"
configure:4817: $? = 0
configure:4831: $PKG_CONFIG --exists --print-errors "$XFT_MODULES"
configure:4834: $? = 0
configure:4892: result: yes
configure:4902: checking for CAIRO
configure:4909: $PKG_CONFIG --exists --print-errors "$CAIRO_MODULES"
configure:4912: $? = 0
configure:4926: $PKG_CONFIG --exists --print-errors "$CAIRO_MODULES"
configure:4929: $? = 0
configure:4987: result: yes
configure:4997: checking for LIBUDEV
configure:5004: $PKG_CONFIG --exists --print-errors "$LIBUDEV_MODULES"
configure:5007: $? = 0
configure:5021: $PKG_CONFIG --exists --print-errors "$LIBUDEV_MODULES"
configure:5024: $? = 0
configure:5082: result: yes
configure:5089: checking Use SUID Helper
configure:5104: result: yes
configure:5218: checking that generated files are newer than configure
configure:5224: result: done
configure:5251: creating ./config.status

## ---------------------- ##
## Running config.status. ##
## ---------------------- ##

This file was extended by LFSDesktop config.status 0.1.0, which was
generated by GNU Autoconf 2.69.  Invocation command line was

  CONFIG_FILES    = 
  CONFIG_HEADERS  = 
  CONFIG_LINKS    = 
  CONFIG_COMMANDS = 
  $ ./config.status 

on LFSCerebro

config.status:868: creating Makefile
config.status:868: creating LFSDesktop/app/Makefile
config.status:868: creating LFSDesktop/helper/Makefile
config.status:868: creating config.h
config.status:1049: config.h is unchanged
config.status:1097: executing depfiles commands

## ---------------- ##
## Cache variables. ##
## ---------------- ##

ac_cv_c_compiler_gnu=yes
ac_cv_cxx_compiler_gnu=yes
ac_cv_env_CAIRO_CFLAGS_set=
ac_cv_env_CAIRO_CFLAGS_value=
ac_cv_env_CAIRO_LIBS_set=
ac_cv_env_CAIRO_LIBS_value=
ac_cv_env_CCC_set=
ac_cv_env_CCC_value=
ac_cv_env_CC_set=
ac_cv_env_CC_value=
ac_cv_env_CFLAGS_set=
ac_cv_env_CFLAGS_value=
ac_cv_env_CPPFLAGS_set=
ac_cv_env_CPPFLAGS_value=
ac_cv_env_CPP_set=
ac_cv_env_CPP_value=
ac_cv_env_CXXFLAGS_set=
ac_cv_env_CXXFLAGS_value=
ac_cv_env_CXX_set=
ac_cv_env_CXX_value=
ac_cv_env_LDFLAGS_set=
ac_cv_env_LDFLAGS_value=
ac_cv_env_LIBS_set=
ac_cv_env_LIBS_value=
ac_cv_env_LIBUDEV_CFLAGS_set=
ac_cv_env_LIBUDEV_CFLAGS_value=
ac_cv_env_LIBUDEV_LIBS_set=
ac_cv_env_LIBUDEV_LIBS_value=
ac_cv_env_PKG_CONFIG_LIBDIR_set=
ac_cv_env_PKG_CONFIG_LIBDIR_value=
ac_cv_env_PKG_CONFIG_PATH_set=
ac_cv_env_PKG_CONFIG_PATH_value=
ac_cv_env_PKG_CONFIG_set=
ac_cv_env_PKG_CONFIG_value=
ac_cv_env_X11_CFLAGS_set=
ac_cv_env_X11_CFLAGS_value=
ac_cv_env_X11_LIBS_set=
ac_cv_env_X11_LIBS_value=
ac_cv_env_XEXT_CFLAGS_set=
ac_cv_env_XEXT_CFLAGS_value=
ac_cv_env_XEXT_LIBS_set=
ac_cv_env_XEXT_LIBS_value=
ac_cv_env_XFT_CFLAGS_set=
ac_cv_env_XFT_CFLAGS_value=
ac_cv_env_XFT_LIBS_set=
ac_cv_env_XFT_LIBS_value=
ac_cv_env_XINERAMA_CFLAGS_set=
ac_cv_env_XINERAMA_CFLAGS_value=
ac_cv_env_XINERAMA_LIBS_set=
ac_cv_env_XINERAMA_LIBS_value=
ac_cv_env_build_alias_set=
ac_cv_env_build_alias_value=
ac_cv_env_host_alias_set=
ac_cv_env_host_alias_value=
ac_cv_env_target_alias_set=
ac_cv_env_target_alias_value=
ac_cv_header_stdc=yes
ac_cv_objext=o
ac_cv_path_EGREP='/bin//grep -E'
ac_cv_path_GREP=/bin//grep
ac_cv_path_ac_pt_PKG_CONFIG=/usr/bin/pkg-config
ac_cv_path_install='/usr/bin/install -c'
ac_cv_path_mkdir=/bin//mkdir
ac_cv_prog_AWK=gawk
ac_cv_prog_CPP='gcc -E'
ac_cv_prog_ac_ct_CC=gcc
ac_cv_prog_ac_ct_CXX=g++
ac_cv_prog_cc_c89=
ac_cv_prog_cc_g=yes
ac_cv_prog_cxx_g=yes
ac_cv_prog_make_make_set=yes
am_cv_CC_dependencies_compiler_type=gcc3
am_cv_CXX_dependencies_compiler_type=gcc3
am_cv_make_support_nested_variables=yes
am_cv_prog_cc_c_o=yes
pkg_cv_CAIRO_CFLAGS='-I/usr/include/cairo -I/usr/include/glib-2.0 -I/usr/lib64/glib-2.0/include -I/usr/include/pixman-1 -I/usr/include/freetype2 -I/usr/include/libpng16 -I/usr/include/freetype2 -I/usr/include/libdrm -I/usr/include/libpng16 '
pkg_cv_CAIRO_LIBS='-L/usr/lib64 -lcairo '
pkg_cv_LIBUDEV_CFLAGS=
pkg_cv_LIBUDEV_LIBS='-ludev '
pkg_cv_X11_CFLAGS=
pkg_cv_X11_LIBS='-lX11 '
pkg_cv_XEXT_CFLAGS=
pkg_cv_XEXT_LIBS='-lXext '
pkg_cv_XFT_CFLAGS='-I/usr/include/freetype2 -I/usr/include/libpng16 -I/usr/include/freetype2 -I/usr/include/libpng16 '
pkg_cv_XFT_LIBS='-lXft '
pkg_cv_XINERAMA_CFLAGS=
pkg_cv_XINERAMA_LIBS='-lXinerama '

## ----------------- ##
## Output variables. ##
## ----------------- ##

ACLOCAL='${SHELL} /media/LinuxData/Development64/GithubProjects/LFSDesktopProject/LFSDesktop/missing aclocal-1.15'
AMDEPBACKSLASH='\'
AMDEP_FALSE='#'
AMDEP_TRUE=''
AMTAR='$${TAR-tar}'
AM_BACKSLASH='\'
AM_DEFAULT_V='$(AM_DEFAULT_VERBOSITY)'
AM_DEFAULT_VERBOSITY='1'
AM_V='$(V)'
AUTOCONF='${SHELL} /media/LinuxData/Development64/GithubProjects/LFSDesktopProject/LFSDesktop/missing autoconf'
AUTOHEADER='${SHELL} /media/LinuxData/Development64/GithubProjects/LFSDesktopProject/LFSDesktop/missing autoheader'
AUTOMAKE='${SHELL} /media/LinuxData/Development64/GithubProjects/LFSDesktopProject/LFSDesktop/missing automake-1.15'
AWK='gawk'
CAIRO_CFLAGS='-I/usr/include/cairo -I/usr/include/glib-2.0 -I/usr/lib64/glib-2.0/include -I/usr/include/pixman-1 -I/usr/include/freetype2 -I/usr/include/libpng16 -I/usr/include/freetype2 -I/usr/include/libdrm -I/usr/include/libpng16 '
CAIRO_LIBS='-L/usr/lib64 -lcairo '
CC='gcc'
CCDEPMODE='depmode=gcc3'
CFLAGS='-Wall'
CPP='gcc -E'
CPPFLAGS=''
CXX='g++'
CXXDEPMODE='depmode=gcc3'
CXXFLAGS='-g -O2'
CYGPATH_W='echo'
DEFS='-DHAVE_CONFIG_H'
DEPDIR='.deps'
ECHO_C=''
ECHO_N='-n'
ECHO_T=''
EGREP='/bin//grep -E'
EXEEXT=''
GREP='/bin//grep'
INSTALL_DATA='${INSTALL} -m 644'
INSTALL_PROGRAM='${INSTALL}'
INSTALL_SCRIPT='${INSTALL}'
INSTALL_STRIP_PROGRAM='$(install_sh) -c -s'
LDFLAGS=''
LIBOBJS=''
LIBS=''
LIBUDEV_CFLAGS=''
LIBUDEV_LIBS='-ludev '
LTLIBOBJS=''
MAKEINFO='${SHELL} /media/LinuxData/Development64/GithubProjects/LFSDesktopProject/LFSDesktop/missing makeinfo'
MKDIR_P='/bin//mkdir -p'
OBJEXT='o'
PACKAGE='LFSDesktop'
PACKAGE_BUGREPORT='LFSDesktop'
PACKAGE_NAME='LFSDesktop'
PACKAGE_STRING='LFSDesktop 0.1.0'
PACKAGE_TARNAME='LFSDesktop'
PACKAGE_URL=''
PACKAGE_VERSION='0.1.0'
PATH_SEPARATOR=':'
PKG_CONFIG='/usr/bin/pkg-config'
PKG_CONFIG_LIBDIR=''
PKG_CONFIG_PATH=''
SET_MAKE=''
SHELL='/bin/sh'
STRIP=''
VERSION='0.1.0'
X11_CFLAGS=''
X11_LIBS='-lX11 '
XEXT_CFLAGS=''
XEXT_LIBS='-lXext '
XFT_CFLAGS='-I/usr/include/freetype2 -I/usr/include/libpng16 -I/usr/include/freetype2 -I/usr/include/libpng16 '
XFT_LIBS='-lXft '
XINERAMA_CFLAGS=''
XINERAMA_LIBS='-lXinerama '
ac_ct_CC='gcc'
ac_ct_CXX='g++'
am__EXEEXT_FALSE=''
am__EXEEXT_TRUE='#'
am__fastdepCC_FALSE='#'
am__fastdepCC_TRUE=''
am__fastdepCXX_FALSE='#'
am__fastdepCXX_TRUE=''
am__include='include'
am__isrc=''
am__leading_dot='.'
am__nodep='_no'
am__quote=''
am__tar='$${TAR-tar} chof - "$$tardir"'
am__untar='$${TAR-tar} xf -'
bindir='${exec_prefix}/bin'
build_alias=''
datadir='${datarootdir}'
datarootdir='${prefix}/share'
docdir='${datarootdir}/doc/${PACKAGE_TARNAME}'
dvidir='${docdir}'
exec_prefix='${prefix}'
host_alias=''
htmldir='${docdir}'
includedir='${prefix}/include'
infodir='${datarootdir}/info'
install_sh='${SHELL} /media/LinuxData/Development64/GithubProjects/LFSDesktopProject/LFSDesktop/install-sh'
libdir='${exec_prefix}/lib'
libexecdir='${exec_prefix}/libexec'
localedir='${datarootdir}/locale'
localstatedir='${prefix}/var'
mandir='${datarootdir}/man'
mkdir_p='$(MKDIR_P)'
oldincludedir='/usr/include'
pdfdir='${docdir}'
prefix='/usr'
program_transform_name='s,x,x,'
psdir='${docdir}'
sbindir='${exec_prefix}/sbin'
sharedstatedir='${prefix}/com'
sysconfdir='${prefix}/etc'
target_alias=''

## ----------- ##
## confdefs.h. ##
## ----------- ##

/* confdefs.h */
#define PACKAGE_NAME "LFSDesktop"
#define PACKAGE_TARNAME "LFSDesktop"
#define PACKAGE_VERSION "0.1.0"
#define PACKAGE_STRING "LFSDesktop 0.1.0"
#define PACKAGE_BUGREPORT "LFSDesktop"
#define PACKAGE_URL ""
#define PACKAGE "LFSDesktop"
#define VERSION "0.1.0"
#define STDC_HEADERS 1
#define _USESUIDHELPER_ /**/

configure: exit 0
